2017-09-26 15:41:40,531 [localhost-startStop-1] ERROR [org.activiti.engine.impl.db.DbSqlSession] - problem during schema create, statement create table ACT_HI_TASKINST ( 
ID_ varchar(64) not null, 
PROC_DEF_ID_ varchar(64), 
TASK_DEF_KEY_ varchar(255), 
PROC_INST_ID_ varchar(64), 
EXECUTION_ID_ varchar(64), 
NAME_ varchar(255), 
PARENT_TASK_ID_ varchar(64), 
DESCRIPTION_ varchar(4000), 
OWNER_ varchar(255), 
ASSIGNEE_ varchar(255), 
START_TIME_ datetime(3) not null, 
CLAIM_TIME_ datetime(3), 
END_TIME_ datetime(3), 
DURATION_ bigint, 
DELETE_REASON_ varchar(4000), 
PRIORITY_ integer, 
DUE_DATE_ datetime(3), 
FORM_KEY_ varchar(255), 
CATEGORY_ varchar(255), 
TENANT_ID_ varchar(255) default '', 
primary key (ID_) 
) ENGINE=InnoDB DEFAULT CHARSET=utf8 COLLATE utf8_bin
com.mysql.jdbc.exceptions.jdbc4.MySQLSyntaxErrorException: Table 'ACT_HI_TASKINST' already exists
	at sun.reflect.NativeConstructorAccessorImpl.newInstance0(Native Method)
	at sun.reflect.NativeConstructorAccessorImpl.newInstance(Unknown Source)
	at sun.reflect.DelegatingConstructorAccessorImpl.newInstance(Unknown Source)
	at java.lang.reflect.Constructor.newInstance(Unknown Source)
	at com.mysql.jdbc.Util.handleNewInstance(Util.java:409)
	at com.mysql.jdbc.Util.getInstance(Util.java:384)
	at com.mysql.jdbc.SQLError.createSQLException(SQLError.java:1052)
	at com.mysql.jdbc.MysqlIO.checkErrorPacket(MysqlIO.java:4232)
	at com.mysql.jdbc.MysqlIO.checkErrorPacket(MysqlIO.java:4164)
	at com.mysql.jdbc.MysqlIO.sendCommand(MysqlIO.java:2615)
	at com.mysql.jdbc.MysqlIO.sqlQueryDirect(MysqlIO.java:2776)
	at com.mysql.jdbc.ConnectionImpl.execSQL(ConnectionImpl.java:2832)
	at com.mysql.jdbc.ConnectionImpl.execSQL(ConnectionImpl.java:2781)
	at com.mysql.jdbc.StatementImpl.execute(StatementImpl.java:908)
	at com.mysql.jdbc.StatementImpl.execute(StatementImpl.java:788)
	at com.alibaba.druid.filter.FilterChainImpl.statement_execute(FilterChainImpl.java:2489)
	at com.alibaba.druid.filter.FilterAdapter.statement_execute(FilterAdapter.java:2451)
	at com.alibaba.druid.filter.FilterEventAdapter.statement_execute(FilterEventAdapter.java:188)
	at com.alibaba.druid.filter.FilterChainImpl.statement_execute(FilterChainImpl.java:2487)
	at com.alibaba.druid.proxy.jdbc.StatementProxyImpl.execute(StatementProxyImpl.java:137)
	at com.alibaba.druid.pool.DruidPooledStatement.execute(DruidPooledStatement.java:421)
	at org.activiti.engine.impl.db.DbSqlSession.executeSchemaResource(DbSqlSession.java:1368)
	at org.activiti.engine.impl.db.DbSqlSession.executeSchemaResource(DbSqlSession.java:1288)
	at org.activiti.engine.impl.db.DbSqlSession.executeMandatorySchemaResource(DbSqlSession.java:1073)
	at org.activiti.engine.impl.db.DbSqlSession.dbSchemaCreateHistory(DbSqlSession.java:1046)
	at org.activiti.engine.impl.db.DbSqlSession.dbSchemaUpdate(DbSqlSession.java:1136)
	at org.activiti.engine.impl.db.DbSqlSession.performSchemaOperationsProcessEngineBuild(DbSqlSession.java:1479)
	at org.activiti.engine.impl.SchemaOperationsProcessEngineBuild.execute(SchemaOperationsProcessEngineBuild.java:27)
	at org.activiti.engine.impl.interceptor.CommandInvoker.execute(CommandInvoker.java:24)
	at org.activiti.engine.impl.interceptor.CommandContextInterceptor.execute(CommandContextInterceptor.java:57)
	at org.activiti.spring.SpringTransactionInterceptor$1.doInTransaction(SpringTransactionInterceptor.java:47)
	at org.springframework.transaction.support.TransactionTemplate.execute(TransactionTemplate.java:133)
	at org.activiti.spring.SpringTransactionInterceptor.execute(SpringTransactionInterceptor.java:45)
	at org.activiti.engine.impl.interceptor.LogInterceptor.execute(LogInterceptor.java:31)
	at org.activiti.engine.impl.cfg.CommandExecutorImpl.execute(CommandExecutorImpl.java:40)
	at org.activiti.engine.impl.ProcessEngineImpl.<init>(ProcessEngineImpl.java:80)
	at org.activiti.engine.impl.cfg.ProcessEngineConfigurationImpl.buildProcessEngine(ProcessEngineConfigurationImpl.java:608)
	at org.activiti.spring.SpringProcessEngineConfiguration.buildProcessEngine(SpringProcessEngineConfiguration.java:65)
	at org.activiti.spring.ProcessEngineFactoryBean.getObject(ProcessEngineFactoryBean.java:60)
	at org.activiti.spring.ProcessEngineFactoryBean.getObject(ProcessEngineFactoryBean.java:32)
	at org.springframework.beans.factory.support.FactoryBeanRegistrySupport.doGetObjectFromFactoryBean(FactoryBeanRegistrySupport.java:168)
	at org.springframework.beans.factory.support.FactoryBeanRegistrySupport.getObjectFromFactoryBean(FactoryBeanRegistrySupport.java:103)
	at org.springframework.beans.factory.support.AbstractBeanFactory.getObjectForBeanInstance(AbstractBeanFactory.java:1525)
	at org.springframework.beans.factory.support.AbstractBeanFactory.doGetBean(AbstractBeanFactory.java:314)
	at org.springframework.beans.factory.support.AbstractBeanFactory.getBean(AbstractBeanFactory.java:194)
	at org.springframework.beans.factory.support.ConstructorResolver.instantiateUsingFactoryMethod(ConstructorResolver.java:368)
	at org.springframework.beans.factory.support.AbstractAutowireCapableBeanFactory.instantiateUsingFactoryMethod(AbstractAutowireCapableBeanFactory.java:1117)
	at org.springframework.beans.factory.support.AbstractAutowireCapableBeanFactory.createBeanInstance(AbstractAutowireCapableBeanFactory.java:1012)
	at org.springframework.beans.factory.support.AbstractAutowireCapableBeanFactory.doCreateBean(AbstractAutowireCapableBeanFactory.java:504)
	at org.springframework.beans.factory.support.AbstractAutowireCapableBeanFactory.createBean(AbstractAutowireCapableBeanFactory.java:476)
	at org.springframework.beans.factory.support.AbstractBeanFactory$1.getObject(AbstractBeanFactory.java:303)
	at org.springframework.beans.factory.support.DefaultSingletonBeanRegistry.getSingleton(DefaultSingletonBeanRegistry.java:230)
	at org.springframework.beans.factory.support.AbstractBeanFactory.doGetBean(AbstractBeanFactory.java:299)
	at org.springframework.beans.factory.support.AbstractBeanFactory.getBean(AbstractBeanFactory.java:199)
	at org.springframework.beans.factory.support.AbstractBeanFactory.doGetBean(AbstractBeanFactory.java:272)
	at org.springframework.beans.factory.support.AbstractBeanFactory.getBean(AbstractBeanFactory.java:194)
	at org.springframework.beans.factory.support.DefaultListableBeanFactory.findAutowireCandidates(DefaultListableBeanFactory.java:1120)
	at org.springframework.beans.factory.support.DefaultListableBeanFactory.doResolveDependency(DefaultListableBeanFactory.java:1044)
	at org.springframework.beans.factory.support.DefaultListableBeanFactory.resolveDependency(DefaultListableBeanFactory.java:942)
	at org.springframework.beans.factory.annotation.AutowiredAnnotationBeanPostProcessor$AutowiredFieldElement.inject(AutowiredAnnotationBeanPostProcessor.java:533)
	at org.springframework.beans.factory.annotation.InjectionMetadata.inject(InjectionMetadata.java:88)
	at org.springframework.beans.factory.annotation.AutowiredAnnotationBeanPostProcessor.postProcessPropertyValues(AutowiredAnnotationBeanPostProcessor.java:331)
	at org.springframework.beans.factory.support.AbstractAutowireCapableBeanFactory.populateBean(AbstractAutowireCapableBeanFactory.java:1208)
	at org.springframework.beans.factory.support.AbstractAutowireCapableBeanFactory.doCreateBean(AbstractAutowireCapableBeanFactory.java:537)
	at org.springframework.beans.factory.support.AbstractAutowireCapableBeanFactory.createBean(AbstractAutowireCapableBeanFactory.java:476)
	at org.springframework.beans.factory.support.AbstractBeanFactory$1.getObject(AbstractBeanFactory.java:303)
	at org.springframework.beans.factory.support.DefaultSingletonBeanRegistry.getSingleton(DefaultSingletonBeanRegistry.java:230)
	at org.springframework.beans.factory.support.AbstractBeanFactory.doGetBean(AbstractBeanFactory.java:299)
	at org.springframework.beans.factory.support.AbstractBeanFactory.getBean(AbstractBeanFactory.java:194)
	at org.springframework.beans.factory.support.DefaultListableBeanFactory.preInstantiateSingletons(DefaultListableBeanFactory.java:755)
	at org.springframework.context.support.AbstractApplicationContext.finishBeanFactoryInitialization(AbstractApplicationContext.java:762)
	at org.springframework.context.support.AbstractApplicationContext.refresh(AbstractApplicationContext.java:480)
	at org.springframework.web.servlet.FrameworkServlet.configureAndRefreshWebApplicationContext(FrameworkServlet.java:664)
	at org.springframework.web.servlet.FrameworkServlet.createWebApplicationContext(FrameworkServlet.java:630)
	at org.springframework.web.servlet.FrameworkServlet.createWebApplicationContext(FrameworkServlet.java:678)
	at org.springframework.web.servlet.FrameworkServlet.initWebApplicationContext(FrameworkServlet.java:549)
	at org.springframework.web.servlet.FrameworkServlet.initServletBean(FrameworkServlet.java:490)
	at org.springframework.web.servlet.HttpServletBean.init(HttpServletBean.java:136)
	at javax.servlet.GenericServlet.init(GenericServlet.java:160)
	at org.apache.catalina.core.StandardWrapper.initServlet(StandardWrapper.java:1280)
	at org.apache.catalina.core.StandardWrapper.loadServlet(StandardWrapper.java:1193)
	at org.apache.catalina.core.StandardWrapper.load(StandardWrapper.java:1088)
	at org.apache.catalina.core.StandardContext.loadOnStartup(StandardContext.java:5176)
	at org.apache.catalina.core.StandardContext.startInternal(StandardContext.java:5460)
	at org.apache.catalina.util.LifecycleBase.start(LifecycleBase.java:150)
	at org.apache.catalina.core.ContainerBase$StartChild.call(ContainerBase.java:1559)
	at org.apache.catalina.core.ContainerBase$StartChild.call(ContainerBase.java:1549)
	at java.util.concurrent.FutureTask.run(Unknown Source)
	at java.util.concurrent.ThreadPoolExecutor.runWorker(Unknown Source)
	at java.util.concurrent.ThreadPoolExecutor$Worker.run(Unknown Source)
	at java.lang.Thread.run(Unknown Source)
2017-09-26 15:41:40,716 [localhost-startStop-1] ERROR [org.activiti.engine.impl.db.DbSqlSession] - problem during schema create, statement create table ACT_HI_COMMENT ( 
ID_ varchar(64) not null, 
TYPE_ varchar(255), 
TIME_ datetime(3) not null, 
USER_ID_ varchar(255), 
TASK_ID_ varchar(64), 
PROC_INST_ID_ varchar(64), 
ACTION_ varchar(255), 
MESSAGE_ varchar(4000), 
FULL_MSG_ LONGBLOB, 
primary key (ID_) 
) ENGINE=InnoDB DEFAULT CHARSET=utf8 COLLATE utf8_bin
com.mysql.jdbc.exceptions.jdbc4.MySQLSyntaxErrorException: Table 'ACT_HI_COMMENT' already exists
	at sun.reflect.NativeConstructorAccessorImpl.newInstance0(Native Method)
	at sun.reflect.NativeConstructorAccessorImpl.newInstance(Unknown Source)
	at sun.reflect.DelegatingConstructorAccessorImpl.newInstance(Unknown Source)
	at java.lang.reflect.Constructor.newInstance(Unknown Source)
	at com.mysql.jdbc.Util.handleNewInstance(Util.java:409)
	at com.mysql.jdbc.Util.getInstance(Util.java:384)
	at com.mysql.jdbc.SQLError.createSQLException(SQLError.java:1052)
	at com.mysql.jdbc.MysqlIO.checkErrorPacket(MysqlIO.java:4232)
	at com.mysql.jdbc.MysqlIO.checkErrorPacket(MysqlIO.java:4164)
	at com.mysql.jdbc.MysqlIO.sendCommand(MysqlIO.java:2615)
	at com.mysql.jdbc.MysqlIO.sqlQueryDirect(MysqlIO.java:2776)
	at com.mysql.jdbc.ConnectionImpl.execSQL(ConnectionImpl.java:2832)
	at com.mysql.jdbc.ConnectionImpl.execSQL(ConnectionImpl.java:2781)
	at com.mysql.jdbc.StatementImpl.execute(StatementImpl.java:908)
	at com.mysql.jdbc.StatementImpl.execute(StatementImpl.java:788)
	at com.alibaba.druid.filter.FilterChainImpl.statement_execute(FilterChainImpl.java:2489)
	at com.alibaba.druid.filter.FilterAdapter.statement_execute(FilterAdapter.java:2451)
	at com.alibaba.druid.filter.FilterEventAdapter.statement_execute(FilterEventAdapter.java:188)
	at com.alibaba.druid.filter.FilterChainImpl.statement_execute(FilterChainImpl.java:2487)
	at com.alibaba.druid.proxy.jdbc.StatementProxyImpl.execute(StatementProxyImpl.java:137)
	at com.alibaba.druid.pool.DruidPooledStatement.execute(DruidPooledStatement.java:421)
	at org.activiti.engine.impl.db.DbSqlSession.executeSchemaResource(DbSqlSession.java:1368)
	at org.activiti.engine.impl.db.DbSqlSession.executeSchemaResource(DbSqlSession.java:1288)
	at org.activiti.engine.impl.db.DbSqlSession.executeMandatorySchemaResource(DbSqlSession.java:1073)
	at org.activiti.engine.impl.db.DbSqlSession.dbSchemaCreateHistory(DbSqlSession.java:1046)
	at org.activiti.engine.impl.db.DbSqlSession.dbSchemaUpdate(DbSqlSession.java:1136)
	at org.activiti.engine.impl.db.DbSqlSession.performSchemaOperationsProcessEngineBuild(DbSqlSession.java:1479)
	at org.activiti.engine.impl.SchemaOperationsProcessEngineBuild.execute(SchemaOperationsProcessEngineBuild.java:27)
	at org.activiti.engine.impl.interceptor.CommandInvoker.execute(CommandInvoker.java:24)
	at org.activiti.engine.impl.interceptor.CommandContextInterceptor.execute(CommandContextInterceptor.java:57)
	at org.activiti.spring.SpringTransactionInterceptor$1.doInTransaction(SpringTransactionInterceptor.java:47)
	at org.springframework.transaction.support.TransactionTemplate.execute(TransactionTemplate.java:133)
	at org.activiti.spring.SpringTransactionInterceptor.execute(SpringTransactionInterceptor.java:45)
	at org.activiti.engine.impl.interceptor.LogInterceptor.execute(LogInterceptor.java:31)
	at org.activiti.engine.impl.cfg.CommandExecutorImpl.execute(CommandExecutorImpl.java:40)
	at org.activiti.engine.impl.ProcessEngineImpl.<init>(ProcessEngineImpl.java:80)
	at org.activiti.engine.impl.cfg.ProcessEngineConfigurationImpl.buildProcessEngine(ProcessEngineConfigurationImpl.java:608)
	at org.activiti.spring.SpringProcessEngineConfiguration.buildProcessEngine(SpringProcessEngineConfiguration.java:65)
	at org.activiti.spring.ProcessEngineFactoryBean.getObject(ProcessEngineFactoryBean.java:60)
	at org.activiti.spring.ProcessEngineFactoryBean.getObject(ProcessEngineFactoryBean.java:32)
	at org.springframework.beans.factory.support.FactoryBeanRegistrySupport.doGetObjectFromFactoryBean(FactoryBeanRegistrySupport.java:168)
	at org.springframework.beans.factory.support.FactoryBeanRegistrySupport.getObjectFromFactoryBean(FactoryBeanRegistrySupport.java:103)
	at org.springframework.beans.factory.support.AbstractBeanFactory.getObjectForBeanInstance(AbstractBeanFactory.java:1525)
	at org.springframework.beans.factory.support.AbstractBeanFactory.doGetBean(AbstractBeanFactory.java:314)
	at org.springframework.beans.factory.support.AbstractBeanFactory.getBean(AbstractBeanFactory.java:194)
	at org.springframework.beans.factory.support.ConstructorResolver.instantiateUsingFactoryMethod(ConstructorResolver.java:368)
	at org.springframework.beans.factory.support.AbstractAutowireCapableBeanFactory.instantiateUsingFactoryMethod(AbstractAutowireCapableBeanFactory.java:1117)
	at org.springframework.beans.factory.support.AbstractAutowireCapableBeanFactory.createBeanInstance(AbstractAutowireCapableBeanFactory.java:1012)
	at org.springframework.beans.factory.support.AbstractAutowireCapableBeanFactory.doCreateBean(AbstractAutowireCapableBeanFactory.java:504)
	at org.springframework.beans.factory.support.AbstractAutowireCapableBeanFactory.createBean(AbstractAutowireCapableBeanFactory.java:476)
	at org.springframework.beans.factory.support.AbstractBeanFactory$1.getObject(AbstractBeanFactory.java:303)
	at org.springframework.beans.factory.support.DefaultSingletonBeanRegistry.getSingleton(DefaultSingletonBeanRegistry.java:230)
	at org.springframework.beans.factory.support.AbstractBeanFactory.doGetBean(AbstractBeanFactory.java:299)
	at org.springframework.beans.factory.support.AbstractBeanFactory.getBean(AbstractBeanFactory.java:199)
	at org.springframework.beans.factory.support.AbstractBeanFactory.doGetBean(AbstractBeanFactory.java:272)
	at org.springframework.beans.factory.support.AbstractBeanFactory.getBean(AbstractBeanFactory.java:194)
	at org.springframework.beans.factory.support.DefaultListableBeanFactory.findAutowireCandidates(DefaultListableBeanFactory.java:1120)
	at org.springframework.beans.factory.support.DefaultListableBeanFactory.doResolveDependency(DefaultListableBeanFactory.java:1044)
	at org.springframework.beans.factory.support.DefaultListableBeanFactory.resolveDependency(DefaultListableBeanFactory.java:942)
	at org.springframework.beans.factory.annotation.AutowiredAnnotationBeanPostProcessor$AutowiredFieldElement.inject(AutowiredAnnotationBeanPostProcessor.java:533)
	at org.springframework.beans.factory.annotation.InjectionMetadata.inject(InjectionMetadata.java:88)
	at org.springframework.beans.factory.annotation.AutowiredAnnotationBeanPostProcessor.postProcessPropertyValues(AutowiredAnnotationBeanPostProcessor.java:331)
	at org.springframework.beans.factory.support.AbstractAutowireCapableBeanFactory.populateBean(AbstractAutowireCapableBeanFactory.java:1208)
	at org.springframework.beans.factory.support.AbstractAutowireCapableBeanFactory.doCreateBean(AbstractAutowireCapableBeanFactory.java:537)
	at org.springframework.beans.factory.support.AbstractAutowireCapableBeanFactory.createBean(AbstractAutowireCapableBeanFactory.java:476)
	at org.springframework.beans.factory.support.AbstractBeanFactory$1.getObject(AbstractBeanFactory.java:303)
	at org.springframework.beans.factory.support.DefaultSingletonBeanRegistry.getSingleton(DefaultSingletonBeanRegistry.java:230)
	at org.springframework.beans.factory.support.AbstractBeanFactory.doGetBean(AbstractBeanFactory.java:299)
	at org.springframework.beans.factory.support.AbstractBeanFactory.getBean(AbstractBeanFactory.java:194)
	at org.springframework.beans.factory.support.DefaultListableBeanFactory.preInstantiateSingletons(DefaultListableBeanFactory.java:755)
	at org.springframework.context.support.AbstractApplicationContext.finishBeanFactoryInitialization(AbstractApplicationContext.java:762)
	at org.springframework.context.support.AbstractApplicationContext.refresh(AbstractApplicationContext.java:480)
	at org.springframework.web.servlet.FrameworkServlet.configureAndRefreshWebApplicationContext(FrameworkServlet.java:664)
	at org.springframework.web.servlet.FrameworkServlet.createWebApplicationContext(FrameworkServlet.java:630)
	at org.springframework.web.servlet.FrameworkServlet.createWebApplicationContext(FrameworkServlet.java:678)
	at org.springframework.web.servlet.FrameworkServlet.initWebApplicationContext(FrameworkServlet.java:549)
	at org.springframework.web.servlet.FrameworkServlet.initServletBean(FrameworkServlet.java:490)
	at org.springframework.web.servlet.HttpServletBean.init(HttpServletBean.java:136)
	at javax.servlet.GenericServlet.init(GenericServlet.java:160)
	at org.apache.catalina.core.StandardWrapper.initServlet(StandardWrapper.java:1280)
	at org.apache.catalina.core.StandardWrapper.loadServlet(StandardWrapper.java:1193)
	at org.apache.catalina.core.StandardWrapper.load(StandardWrapper.java:1088)
	at org.apache.catalina.core.StandardContext.loadOnStartup(StandardContext.java:5176)
	at org.apache.catalina.core.StandardContext.startInternal(StandardContext.java:5460)
	at org.apache.catalina.util.LifecycleBase.start(LifecycleBase.java:150)
	at org.apache.catalina.core.ContainerBase$StartChild.call(ContainerBase.java:1559)
	at org.apache.catalina.core.ContainerBase$StartChild.call(ContainerBase.java:1549)
	at java.util.concurrent.FutureTask.run(Unknown Source)
	at java.util.concurrent.ThreadPoolExecutor.runWorker(Unknown Source)
	at java.util.concurrent.ThreadPoolExecutor$Worker.run(Unknown Source)
	at java.lang.Thread.run(Unknown Source)
2017-09-26 15:41:40,770 [localhost-startStop-1] ERROR [org.activiti.engine.impl.db.DbSqlSession] - problem during schema create, statement create table ACT_HI_ATTACHMENT ( 
ID_ varchar(64) not null, 
REV_ integer, 
USER_ID_ varchar(255), 
NAME_ varchar(255), 
DESCRIPTION_ varchar(4000), 
TYPE_ varchar(255), 
TASK_ID_ varchar(64), 
PROC_INST_ID_ varchar(64), 
URL_ varchar(4000), 
CONTENT_ID_ varchar(64), 
TIME_ datetime(3), 
primary key (ID_) 
) ENGINE=InnoDB DEFAULT CHARSET=utf8 COLLATE utf8_bin
com.mysql.jdbc.exceptions.jdbc4.MySQLSyntaxErrorException: Table 'ACT_HI_ATTACHMENT' already exists
	at sun.reflect.NativeConstructorAccessorImpl.newInstance0(Native Method)
	at sun.reflect.NativeConstructorAccessorImpl.newInstance(Unknown Source)
	at sun.reflect.DelegatingConstructorAccessorImpl.newInstance(Unknown Source)
	at java.lang.reflect.Constructor.newInstance(Unknown Source)
	at com.mysql.jdbc.Util.handleNewInstance(Util.java:409)
	at com.mysql.jdbc.Util.getInstance(Util.java:384)
	at com.mysql.jdbc.SQLError.createSQLException(SQLError.java:1052)
	at com.mysql.jdbc.MysqlIO.checkErrorPacket(MysqlIO.java:4232)
	at com.mysql.jdbc.MysqlIO.checkErrorPacket(MysqlIO.java:4164)
	at com.mysql.jdbc.MysqlIO.sendCommand(MysqlIO.java:2615)
	at com.mysql.jdbc.MysqlIO.sqlQueryDirect(MysqlIO.java:2776)
	at com.mysql.jdbc.ConnectionImpl.execSQL(ConnectionImpl.java:2832)
	at com.mysql.jdbc.ConnectionImpl.execSQL(ConnectionImpl.java:2781)
	at com.mysql.jdbc.StatementImpl.execute(StatementImpl.java:908)
	at com.mysql.jdbc.StatementImpl.execute(StatementImpl.java:788)
	at com.alibaba.druid.filter.FilterChainImpl.statement_execute(FilterChainImpl.java:2489)
	at com.alibaba.druid.filter.FilterAdapter.statement_execute(FilterAdapter.java:2451)
	at com.alibaba.druid.filter.FilterEventAdapter.statement_execute(FilterEventAdapter.java:188)
	at com.alibaba.druid.filter.FilterChainImpl.statement_execute(FilterChainImpl.java:2487)
	at com.alibaba.druid.proxy.jdbc.StatementProxyImpl.execute(StatementProxyImpl.java:137)
	at com.alibaba.druid.pool.DruidPooledStatement.execute(DruidPooledStatement.java:421)
	at org.activiti.engine.impl.db.DbSqlSession.executeSchemaResource(DbSqlSession.java:1368)
	at org.activiti.engine.impl.db.DbSqlSession.executeSchemaResource(DbSqlSession.java:1288)
	at org.activiti.engine.impl.db.DbSqlSession.executeMandatorySchemaResource(DbSqlSession.java:1073)
	at org.activiti.engine.impl.db.DbSqlSession.dbSchemaCreateHistory(DbSqlSession.java:1046)
	at org.activiti.engine.impl.db.DbSqlSession.dbSchemaUpdate(DbSqlSession.java:1136)
	at org.activiti.engine.impl.db.DbSqlSession.performSchemaOperationsProcessEngineBuild(DbSqlSession.java:1479)
	at org.activiti.engine.impl.SchemaOperationsProcessEngineBuild.execute(SchemaOperationsProcessEngineBuild.java:27)
	at org.activiti.engine.impl.interceptor.CommandInvoker.execute(CommandInvoker.java:24)
	at org.activiti.engine.impl.interceptor.CommandContextInterceptor.execute(CommandContextInterceptor.java:57)
	at org.activiti.spring.SpringTransactionInterceptor$1.doInTransaction(SpringTransactionInterceptor.java:47)
	at org.springframework.transaction.support.TransactionTemplate.execute(TransactionTemplate.java:133)
	at org.activiti.spring.SpringTransactionInterceptor.execute(SpringTransactionInterceptor.java:45)
	at org.activiti.engine.impl.interceptor.LogInterceptor.execute(LogInterceptor.java:31)
	at org.activiti.engine.impl.cfg.CommandExecutorImpl.execute(CommandExecutorImpl.java:40)
	at org.activiti.engine.impl.ProcessEngineImpl.<init>(ProcessEngineImpl.java:80)
	at org.activiti.engine.impl.cfg.ProcessEngineConfigurationImpl.buildProcessEngine(ProcessEngineConfigurationImpl.java:608)
	at org.activiti.spring.SpringProcessEngineConfiguration.buildProcessEngine(SpringProcessEngineConfiguration.java:65)
	at org.activiti.spring.ProcessEngineFactoryBean.getObject(ProcessEngineFactoryBean.java:60)
	at org.activiti.spring.ProcessEngineFactoryBean.getObject(ProcessEngineFactoryBean.java:32)
	at org.springframework.beans.factory.support.FactoryBeanRegistrySupport.doGetObjectFromFactoryBean(FactoryBeanRegistrySupport.java:168)
	at org.springframework.beans.factory.support.FactoryBeanRegistrySupport.getObjectFromFactoryBean(FactoryBeanRegistrySupport.java:103)
	at org.springframework.beans.factory.support.AbstractBeanFactory.getObjectForBeanInstance(AbstractBeanFactory.java:1525)
	at org.springframework.beans.factory.support.AbstractBeanFactory.doGetBean(AbstractBeanFactory.java:314)
	at org.springframework.beans.factory.support.AbstractBeanFactory.getBean(AbstractBeanFactory.java:194)
	at org.springframework.beans.factory.support.ConstructorResolver.instantiateUsingFactoryMethod(ConstructorResolver.java:368)
	at org.springframework.beans.factory.support.AbstractAutowireCapableBeanFactory.instantiateUsingFactoryMethod(AbstractAutowireCapableBeanFactory.java:1117)
	at org.springframework.beans.factory.support.AbstractAutowireCapableBeanFactory.createBeanInstance(AbstractAutowireCapableBeanFactory.java:1012)
	at org.springframework.beans.factory.support.AbstractAutowireCapableBeanFactory.doCreateBean(AbstractAutowireCapableBeanFactory.java:504)
	at org.springframework.beans.factory.support.AbstractAutowireCapableBeanFactory.createBean(AbstractAutowireCapableBeanFactory.java:476)
	at org.springframework.beans.factory.support.AbstractBeanFactory$1.getObject(AbstractBeanFactory.java:303)
	at org.springframework.beans.factory.support.DefaultSingletonBeanRegistry.getSingleton(DefaultSingletonBeanRegistry.java:230)
	at org.springframework.beans.factory.support.AbstractBeanFactory.doGetBean(AbstractBeanFactory.java:299)
	at org.springframework.beans.factory.support.AbstractBeanFactory.getBean(AbstractBeanFactory.java:199)
	at org.springframework.beans.factory.support.AbstractBeanFactory.doGetBean(AbstractBeanFactory.java:272)
	at org.springframework.beans.factory.support.AbstractBeanFactory.getBean(AbstractBeanFactory.java:194)
	at org.springframework.beans.factory.support.DefaultListableBeanFactory.findAutowireCandidates(DefaultListableBeanFactory.java:1120)
	at org.springframework.beans.factory.support.DefaultListableBeanFactory.doResolveDependency(DefaultListableBeanFactory.java:1044)
	at org.springframework.beans.factory.support.DefaultListableBeanFactory.resolveDependency(DefaultListableBeanFactory.java:942)
	at org.springframework.beans.factory.annotation.AutowiredAnnotationBeanPostProcessor$AutowiredFieldElement.inject(AutowiredAnnotationBeanPostProcessor.java:533)
	at org.springframework.beans.factory.annotation.InjectionMetadata.inject(InjectionMetadata.java:88)
	at org.springframework.beans.factory.annotation.AutowiredAnnotationBeanPostProcessor.postProcessPropertyValues(AutowiredAnnotationBeanPostProcessor.java:331)
	at org.springframework.beans.factory.support.AbstractAutowireCapableBeanFactory.populateBean(AbstractAutowireCapableBeanFactory.java:1208)
	at org.springframework.beans.factory.support.AbstractAutowireCapableBeanFactory.doCreateBean(AbstractAutowireCapableBeanFactory.java:537)
	at org.springframework.beans.factory.support.AbstractAutowireCapableBeanFactory.createBean(AbstractAutowireCapableBeanFactory.java:476)
	at org.springframework.beans.factory.support.AbstractBeanFactory$1.getObject(AbstractBeanFactory.java:303)
	at org.springframework.beans.factory.support.DefaultSingletonBeanRegistry.getSingleton(DefaultSingletonBeanRegistry.java:230)
	at org.springframework.beans.factory.support.AbstractBeanFactory.doGetBean(AbstractBeanFactory.java:299)
	at org.springframework.beans.factory.support.AbstractBeanFactory.getBean(AbstractBeanFactory.java:194)
	at org.springframework.beans.factory.support.DefaultListableBeanFactory.preInstantiateSingletons(DefaultListableBeanFactory.java:755)
	at org.springframework.context.support.AbstractApplicationContext.finishBeanFactoryInitialization(AbstractApplicationContext.java:762)
	at org.springframework.context.support.AbstractApplicationContext.refresh(AbstractApplicationContext.java:480)
	at org.springframework.web.servlet.FrameworkServlet.configureAndRefreshWebApplicationContext(FrameworkServlet.java:664)
	at org.springframework.web.servlet.FrameworkServlet.createWebApplicationContext(FrameworkServlet.java:630)
	at org.springframework.web.servlet.FrameworkServlet.createWebApplicationContext(FrameworkServlet.java:678)
	at org.springframework.web.servlet.FrameworkServlet.initWebApplicationContext(FrameworkServlet.java:549)
	at org.springframework.web.servlet.FrameworkServlet.initServletBean(FrameworkServlet.java:490)
	at org.springframework.web.servlet.HttpServletBean.init(HttpServletBean.java:136)
	at javax.servlet.GenericServlet.init(GenericServlet.java:160)
	at org.apache.catalina.core.StandardWrapper.initServlet(StandardWrapper.java:1280)
	at org.apache.catalina.core.StandardWrapper.loadServlet(StandardWrapper.java:1193)
	at org.apache.catalina.core.StandardWrapper.load(StandardWrapper.java:1088)
	at org.apache.catalina.core.StandardContext.loadOnStartup(StandardContext.java:5176)
	at org.apache.catalina.core.StandardContext.startInternal(StandardContext.java:5460)
	at org.apache.catalina.util.LifecycleBase.start(LifecycleBase.java:150)
	at org.apache.catalina.core.ContainerBase$StartChild.call(ContainerBase.java:1559)
	at org.apache.catalina.core.ContainerBase$StartChild.call(ContainerBase.java:1549)
	at java.util.concurrent.FutureTask.run(Unknown Source)
	at java.util.concurrent.ThreadPoolExecutor.runWorker(Unknown Source)
	at java.util.concurrent.ThreadPoolExecutor$Worker.run(Unknown Source)
	at java.lang.Thread.run(Unknown Source)
2017-09-26 15:41:41,614 [localhost-startStop-1] WARN  [org.springframework.web.context.support.XmlWebApplicationContext] - Exception encountered during context initialization - cancelling refresh attempt: org.springframework.beans.factory.BeanCreationException: Error creating bean with name 'processDefinitionDiagramLayoutResource': Injection of autowired dependencies failed; nested exception is org.springframework.beans.factory.BeanCreationException: Could not autowire field: private org.activiti.engine.RuntimeService com.thinkgem.jeesite.modules.act.rest.diagram.services.BaseProcessDefinitionDiagramLayoutResource.runtimeService; nested exception is org.springframework.beans.factory.BeanCreationException: Error creating bean with name 'processEngineFactory': FactoryBean threw exception on object creation; nested exception is org.activiti.engine.ActivitiException: couldn't create db schema: create table ACT_HI_TASKINST ( 
ID_ varchar(64) not null, 
PROC_DEF_ID_ varchar(64), 
TASK_DEF_KEY_ varchar(255), 
PROC_INST_ID_ varchar(64), 
EXECUTION_ID_ varchar(64), 
NAME_ varchar(255), 
PARENT_TASK_ID_ varchar(64), 
DESCRIPTION_ varchar(4000), 
OWNER_ varchar(255), 
ASSIGNEE_ varchar(255), 
START_TIME_ datetime(3) not null, 
CLAIM_TIME_ datetime(3), 
END_TIME_ datetime(3), 
DURATION_ bigint, 
DELETE_REASON_ varchar(4000), 
PRIORITY_ integer, 
DUE_DATE_ datetime(3), 
FORM_KEY_ varchar(255), 
CATEGORY_ varchar(255), 
TENANT_ID_ varchar(255) default '', 
primary key (ID_) 
) ENGINE=InnoDB DEFAULT CHARSET=utf8 COLLATE utf8_bin
2017-09-26 15:41:41,622 [localhost-startStop-1] ERROR [org.springframework.web.servlet.DispatcherServlet] - Context initialization failed
org.springframework.beans.factory.BeanCreationException: Error creating bean with name 'processDefinitionDiagramLayoutResource': Injection of autowired dependencies failed; nested exception is org.springframework.beans.factory.BeanCreationException: Could not autowire field: private org.activiti.engine.RuntimeService com.thinkgem.jeesite.modules.act.rest.diagram.services.BaseProcessDefinitionDiagramLayoutResource.runtimeService; nested exception is org.springframework.beans.factory.BeanCreationException: Error creating bean with name 'processEngineFactory': FactoryBean threw exception on object creation; nested exception is org.activiti.engine.ActivitiException: couldn't create db schema: create table ACT_HI_TASKINST ( 
ID_ varchar(64) not null, 
PROC_DEF_ID_ varchar(64), 
TASK_DEF_KEY_ varchar(255), 
PROC_INST_ID_ varchar(64), 
EXECUTION_ID_ varchar(64), 
NAME_ varchar(255), 
PARENT_TASK_ID_ varchar(64), 
DESCRIPTION_ varchar(4000), 
OWNER_ varchar(255), 
ASSIGNEE_ varchar(255), 
START_TIME_ datetime(3) not null, 
CLAIM_TIME_ datetime(3), 
END_TIME_ datetime(3), 
DURATION_ bigint, 
DELETE_REASON_ varchar(4000), 
PRIORITY_ integer, 
DUE_DATE_ datetime(3), 
FORM_KEY_ varchar(255), 
CATEGORY_ varchar(255), 
TENANT_ID_ varchar(255) default '', 
primary key (ID_) 
) ENGINE=InnoDB DEFAULT CHARSET=utf8 COLLATE utf8_bin
	at org.springframework.beans.factory.annotation.AutowiredAnnotationBeanPostProcessor.postProcessPropertyValues(AutowiredAnnotationBeanPostProcessor.java:334)
	at org.springframework.beans.factory.support.AbstractAutowireCapableBeanFactory.populateBean(AbstractAutowireCapableBeanFactory.java:1208)
	at org.springframework.beans.factory.support.AbstractAutowireCapableBeanFactory.doCreateBean(AbstractAutowireCapableBeanFactory.java:537)
	at org.springframework.beans.factory.support.AbstractAutowireCapableBeanFactory.createBean(AbstractAutowireCapableBeanFactory.java:476)
	at org.springframework.beans.factory.support.AbstractBeanFactory$1.getObject(AbstractBeanFactory.java:303)
	at org.springframework.beans.factory.support.DefaultSingletonBeanRegistry.getSingleton(DefaultSingletonBeanRegistry.java:230)
	at org.springframework.beans.factory.support.AbstractBeanFactory.doGetBean(AbstractBeanFactory.java:299)
	at org.springframework.beans.factory.support.AbstractBeanFactory.getBean(AbstractBeanFactory.java:194)
	at org.springframework.beans.factory.support.DefaultListableBeanFactory.preInstantiateSingletons(DefaultListableBeanFactory.java:755)
	at org.springframework.context.support.AbstractApplicationContext.finishBeanFactoryInitialization(AbstractApplicationContext.java:762)
	at org.springframework.context.support.AbstractApplicationContext.refresh(AbstractApplicationContext.java:480)
	at org.springframework.web.servlet.FrameworkServlet.configureAndRefreshWebApplicationContext(FrameworkServlet.java:664)
	at org.springframework.web.servlet.FrameworkServlet.createWebApplicationContext(FrameworkServlet.java:630)
	at org.springframework.web.servlet.FrameworkServlet.createWebApplicationContext(FrameworkServlet.java:678)
	at org.springframework.web.servlet.FrameworkServlet.initWebApplicationContext(FrameworkServlet.java:549)
	at org.springframework.web.servlet.FrameworkServlet.initServletBean(FrameworkServlet.java:490)
	at org.springframework.web.servlet.HttpServletBean.init(HttpServletBean.java:136)
	at javax.servlet.GenericServlet.init(GenericServlet.java:160)
	at org.apache.catalina.core.StandardWrapper.initServlet(StandardWrapper.java:1280)
	at org.apache.catalina.core.StandardWrapper.loadServlet(StandardWrapper.java:1193)
	at org.apache.catalina.core.StandardWrapper.load(StandardWrapper.java:1088)
	at org.apache.catalina.core.StandardContext.loadOnStartup(StandardContext.java:5176)
	at org.apache.catalina.core.StandardContext.startInternal(StandardContext.java:5460)
	at org.apache.catalina.util.LifecycleBase.start(LifecycleBase.java:150)
	at org.apache.catalina.core.ContainerBase$StartChild.call(ContainerBase.java:1559)
	at org.apache.catalina.core.ContainerBase$StartChild.call(ContainerBase.java:1549)
	at java.util.concurrent.FutureTask.run(Unknown Source)
	at java.util.concurrent.ThreadPoolExecutor.runWorker(Unknown Source)
	at java.util.concurrent.ThreadPoolExecutor$Worker.run(Unknown Source)
	at java.lang.Thread.run(Unknown Source)
Caused by: org.springframework.beans.factory.BeanCreationException: Could not autowire field: private org.activiti.engine.RuntimeService com.thinkgem.jeesite.modules.act.rest.diagram.services.BaseProcessDefinitionDiagramLayoutResource.runtimeService; nested exception is org.springframework.beans.factory.BeanCreationException: Error creating bean with name 'processEngineFactory': FactoryBean threw exception on object creation; nested exception is org.activiti.engine.ActivitiException: couldn't create db schema: create table ACT_HI_TASKINST ( 
ID_ varchar(64) not null, 
PROC_DEF_ID_ varchar(64), 
TASK_DEF_KEY_ varchar(255), 
PROC_INST_ID_ varchar(64), 
EXECUTION_ID_ varchar(64), 
NAME_ varchar(255), 
PARENT_TASK_ID_ varchar(64), 
DESCRIPTION_ varchar(4000), 
OWNER_ varchar(255), 
ASSIGNEE_ varchar(255), 
START_TIME_ datetime(3) not null, 
CLAIM_TIME_ datetime(3), 
END_TIME_ datetime(3), 
DURATION_ bigint, 
DELETE_REASON_ varchar(4000), 
PRIORITY_ integer, 
DUE_DATE_ datetime(3), 
FORM_KEY_ varchar(255), 
CATEGORY_ varchar(255), 
TENANT_ID_ varchar(255) default '', 
primary key (ID_) 
) ENGINE=InnoDB DEFAULT CHARSET=utf8 COLLATE utf8_bin
	at org.springframework.beans.factory.annotation.AutowiredAnnotationBeanPostProcessor$AutowiredFieldElement.inject(AutowiredAnnotationBeanPostProcessor.java:561)
	at org.springframework.beans.factory.annotation.InjectionMetadata.inject(InjectionMetadata.java:88)
	at org.springframework.beans.factory.annotation.AutowiredAnnotationBeanPostProcessor.postProcessPropertyValues(AutowiredAnnotationBeanPostProcessor.java:331)
	... 29 more
Caused by: org.springframework.beans.factory.BeanCreationException: Error creating bean with name 'processEngineFactory': FactoryBean threw exception on object creation; nested exception is org.activiti.engine.ActivitiException: couldn't create db schema: create table ACT_HI_TASKINST ( 
ID_ varchar(64) not null, 
PROC_DEF_ID_ varchar(64), 
TASK_DEF_KEY_ varchar(255), 
PROC_INST_ID_ varchar(64), 
EXECUTION_ID_ varchar(64), 
NAME_ varchar(255), 
PARENT_TASK_ID_ varchar(64), 
DESCRIPTION_ varchar(4000), 
OWNER_ varchar(255), 
ASSIGNEE_ varchar(255), 
START_TIME_ datetime(3) not null, 
CLAIM_TIME_ datetime(3), 
END_TIME_ datetime(3), 
DURATION_ bigint, 
DELETE_REASON_ varchar(4000), 
PRIORITY_ integer, 
DUE_DATE_ datetime(3), 
FORM_KEY_ varchar(255), 
CATEGORY_ varchar(255), 
TENANT_ID_ varchar(255) default '', 
primary key (ID_) 
) ENGINE=InnoDB DEFAULT CHARSET=utf8 COLLATE utf8_bin
	at org.springframework.beans.factory.support.FactoryBeanRegistrySupport.doGetObjectFromFactoryBean(FactoryBeanRegistrySupport.java:175)
	at org.springframework.beans.factory.support.FactoryBeanRegistrySupport.getObjectFromFactoryBean(FactoryBeanRegistrySupport.java:103)
	at org.springframework.beans.factory.support.AbstractBeanFactory.getObjectForBeanInstance(AbstractBeanFactory.java:1525)
	at org.springframework.beans.factory.support.AbstractBeanFactory.doGetBean(AbstractBeanFactory.java:314)
	at org.springframework.beans.factory.support.AbstractBeanFactory.getBean(AbstractBeanFactory.java:194)
	at org.springframework.beans.factory.support.ConstructorResolver.instantiateUsingFactoryMethod(ConstructorResolver.java:368)
	at org.springframework.beans.factory.support.AbstractAutowireCapableBeanFactory.instantiateUsingFactoryMethod(AbstractAutowireCapableBeanFactory.java:1117)
	at org.springframework.beans.factory.support.AbstractAutowireCapableBeanFactory.createBeanInstance(AbstractAutowireCapableBeanFactory.java:1012)
	at org.springframework.beans.factory.support.AbstractAutowireCapableBeanFactory.doCreateBean(AbstractAutowireCapableBeanFactory.java:504)
	at org.springframework.beans.factory.support.AbstractAutowireCapableBeanFactory.createBean(AbstractAutowireCapableBeanFactory.java:476)
	at org.springframework.beans.factory.support.AbstractBeanFactory$1.getObject(AbstractBeanFactory.java:303)
	at org.springframework.beans.factory.support.DefaultSingletonBeanRegistry.getSingleton(DefaultSingletonBeanRegistry.java:230)
	at org.springframework.beans.factory.support.AbstractBeanFactory.doGetBean(AbstractBeanFactory.java:299)
	at org.springframework.beans.factory.support.AbstractBeanFactory.getBean(AbstractBeanFactory.java:199)
	at org.springframework.beans.factory.support.AbstractBeanFactory.doGetBean(AbstractBeanFactory.java:272)
	at org.springframework.beans.factory.support.AbstractBeanFactory.getBean(AbstractBeanFactory.java:194)
	at org.springframework.beans.factory.support.DefaultListableBeanFactory.findAutowireCandidates(DefaultListableBeanFactory.java:1120)
	at org.springframework.beans.factory.support.DefaultListableBeanFactory.doResolveDependency(DefaultListableBeanFactory.java:1044)
	at org.springframework.beans.factory.support.DefaultListableBeanFactory.resolveDependency(DefaultListableBeanFactory.java:942)
	at org.springframework.beans.factory.annotation.AutowiredAnnotationBeanPostProcessor$AutowiredFieldElement.inject(AutowiredAnnotationBeanPostProcessor.java:533)
	... 31 more
Caused by: org.activiti.engine.ActivitiException: couldn't create db schema: create table ACT_HI_TASKINST ( 
ID_ varchar(64) not null, 
PROC_DEF_ID_ varchar(64), 
TASK_DEF_KEY_ varchar(255), 
PROC_INST_ID_ varchar(64), 
EXECUTION_ID_ varchar(64), 
NAME_ varchar(255), 
PARENT_TASK_ID_ varchar(64), 
DESCRIPTION_ varchar(4000), 
OWNER_ varchar(255), 
ASSIGNEE_ varchar(255), 
START_TIME_ datetime(3) not null, 
CLAIM_TIME_ datetime(3), 
END_TIME_ datetime(3), 
DURATION_ bigint, 
DELETE_REASON_ varchar(4000), 
PRIORITY_ integer, 
DUE_DATE_ datetime(3), 
FORM_KEY_ varchar(255), 
CATEGORY_ varchar(255), 
TENANT_ID_ varchar(255) default '', 
primary key (ID_) 
) ENGINE=InnoDB DEFAULT CHARSET=utf8 COLLATE utf8_bin
	at org.activiti.engine.impl.db.DbSqlSession.executeSchemaResource(DbSqlSession.java:1394)
	at org.activiti.engine.impl.db.DbSqlSession.executeSchemaResource(DbSqlSession.java:1288)
	at org.activiti.engine.impl.db.DbSqlSession.executeMandatorySchemaResource(DbSqlSession.java:1073)
	at org.activiti.engine.impl.db.DbSqlSession.dbSchemaCreateHistory(DbSqlSession.java:1046)
	at org.activiti.engine.impl.db.DbSqlSession.dbSchemaUpdate(DbSqlSession.java:1136)
	at org.activiti.engine.impl.db.DbSqlSession.performSchemaOperationsProcessEngineBuild(DbSqlSession.java:1479)
	at org.activiti.engine.impl.SchemaOperationsProcessEngineBuild.execute(SchemaOperationsProcessEngineBuild.java:27)
	at org.activiti.engine.impl.interceptor.CommandInvoker.execute(CommandInvoker.java:24)
	at org.activiti.engine.impl.interceptor.CommandContextInterceptor.execute(CommandContextInterceptor.java:57)
	at org.activiti.spring.SpringTransactionInterceptor$1.doInTransaction(SpringTransactionInterceptor.java:47)
	at org.springframework.transaction.support.TransactionTemplate.execute(TransactionTemplate.java:133)
	at org.activiti.spring.SpringTransactionInterceptor.execute(SpringTransactionInterceptor.java:45)
	at org.activiti.engine.impl.interceptor.LogInterceptor.execute(LogInterceptor.java:31)
	at org.activiti.engine.impl.cfg.CommandExecutorImpl.execute(CommandExecutorImpl.java:40)
	at org.activiti.engine.impl.ProcessEngineImpl.<init>(ProcessEngineImpl.java:80)
	at org.activiti.engine.impl.cfg.ProcessEngineConfigurationImpl.buildProcessEngine(ProcessEngineConfigurationImpl.java:608)
	at org.activiti.spring.SpringProcessEngineConfiguration.buildProcessEngine(SpringProcessEngineConfiguration.java:65)
	at org.activiti.spring.ProcessEngineFactoryBean.getObject(ProcessEngineFactoryBean.java:60)
	at org.activiti.spring.ProcessEngineFactoryBean.getObject(ProcessEngineFactoryBean.java:32)
	at org.springframework.beans.factory.support.FactoryBeanRegistrySupport.doGetObjectFromFactoryBean(FactoryBeanRegistrySupport.java:168)
	... 50 more
Caused by: com.mysql.jdbc.exceptions.jdbc4.MySQLSyntaxErrorException: Table 'ACT_HI_TASKINST' already exists
	at sun.reflect.NativeConstructorAccessorImpl.newInstance0(Native Method)
	at sun.reflect.NativeConstructorAccessorImpl.newInstance(Unknown Source)
	at sun.reflect.DelegatingConstructorAccessorImpl.newInstance(Unknown Source)
	at java.lang.reflect.Constructor.newInstance(Unknown Source)
	at com.mysql.jdbc.Util.handleNewInstance(Util.java:409)
	at com.mysql.jdbc.Util.getInstance(Util.java:384)
	at com.mysql.jdbc.SQLError.createSQLException(SQLError.java:1052)
	at com.mysql.jdbc.MysqlIO.checkErrorPacket(MysqlIO.java:4232)
	at com.mysql.jdbc.MysqlIO.checkErrorPacket(MysqlIO.java:4164)
	at com.mysql.jdbc.MysqlIO.sendCommand(MysqlIO.java:2615)
	at com.mysql.jdbc.MysqlIO.sqlQueryDirect(MysqlIO.java:2776)
	at com.mysql.jdbc.ConnectionImpl.execSQL(ConnectionImpl.java:2832)
	at com.mysql.jdbc.ConnectionImpl.execSQL(ConnectionImpl.java:2781)
	at com.mysql.jdbc.StatementImpl.execute(StatementImpl.java:908)
	at com.mysql.jdbc.StatementImpl.execute(StatementImpl.java:788)
	at com.alibaba.druid.filter.FilterChainImpl.statement_execute(FilterChainImpl.java:2489)
	at com.alibaba.druid.filter.FilterAdapter.statement_execute(FilterAdapter.java:2451)
	at com.alibaba.druid.filter.FilterEventAdapter.statement_execute(FilterEventAdapter.java:188)
	at com.alibaba.druid.filter.FilterChainImpl.statement_execute(FilterChainImpl.java:2487)
	at com.alibaba.druid.proxy.jdbc.StatementProxyImpl.execute(StatementProxyImpl.java:137)
	at com.alibaba.druid.pool.DruidPooledStatement.execute(DruidPooledStatement.java:421)
	at org.activiti.engine.impl.db.DbSqlSession.executeSchemaResource(DbSqlSession.java:1368)
	... 69 more
