2017-09-22 15:18:33 [ ERROR ] [ DubboMonitor$1.java :72(run)]  [DUBBO] Unexpected error occur at send statistic, cause: Forbid consumer 10.2.20.141 access service com.alibaba.dubbo.monitor.MonitorService from registry zkserver:2181 use dubbo version 2.5.3, Please check registry access list (whitelist/blacklist)., dubbo version: 2.5.3, current host: 10.2.20.141
com.alibaba.dubbo.rpc.RpcException: Forbid consumer 10.2.20.141 access service com.alibaba.dubbo.monitor.MonitorService from registry zkserver:2181 use dubbo version 2.5.3, Please check registry access list (whitelist/blacklist).
	at com.alibaba.dubbo.registry.integration.RegistryDirectory.doList(RegistryDirectory.java:579)
	at com.alibaba.dubbo.rpc.cluster.directory.AbstractDirectory.list(AbstractDirectory.java:73)
	at com.alibaba.dubbo.rpc.cluster.support.AbstractClusterInvoker.list(AbstractClusterInvoker.java:260)
	at com.alibaba.dubbo.rpc.cluster.support.AbstractClusterInvoker.invoke(AbstractClusterInvoker.java:219)
	at com.alibaba.dubbo.rpc.cluster.support.wrapper.MockClusterInvoker.invoke(MockClusterInvoker.java:72)
	at com.alibaba.dubbo.rpc.proxy.InvokerInvocationHandler.invoke(InvokerInvocationHandler.java:52)
	at com.alibaba.dubbo.common.bytecode.proxy0.collect(proxy0.java)
	at com.alibaba.dubbo.monitor.dubbo.DubboMonitor.send(DubboMonitor.java:113)
	at com.alibaba.dubbo.monitor.dubbo.DubboMonitor$1.run(DubboMonitor.java:70)
	at java.util.concurrent.Executors$RunnableAdapter.call(Unknown Source)
	at java.util.concurrent.FutureTask.runAndReset(Unknown Source)
	at java.util.concurrent.ScheduledThreadPoolExecutor$ScheduledFutureTask.access$301(Unknown Source)
	at java.util.concurrent.ScheduledThreadPoolExecutor$ScheduledFutureTask.run(Unknown Source)
	at java.util.concurrent.ThreadPoolExecutor.runWorker(Unknown Source)
	at java.util.concurrent.ThreadPoolExecutor$Worker.run(Unknown Source)
	at java.lang.Thread.run(Unknown Source)
2017-09-22 15:19:33 [ ERROR ] [ DubboMonitor$1.java :72(run)]  [DUBBO] Unexpected error occur at send statistic, cause: Forbid consumer 10.2.20.141 access service com.alibaba.dubbo.monitor.MonitorService from registry zkserver:2181 use dubbo version 2.5.3, Please check registry access list (whitelist/blacklist)., dubbo version: 2.5.3, current host: 10.2.20.141
com.alibaba.dubbo.rpc.RpcException: Forbid consumer 10.2.20.141 access service com.alibaba.dubbo.monitor.MonitorService from registry zkserver:2181 use dubbo version 2.5.3, Please check registry access list (whitelist/blacklist).
	at com.alibaba.dubbo.registry.integration.RegistryDirectory.doList(RegistryDirectory.java:579)
	at com.alibaba.dubbo.rpc.cluster.directory.AbstractDirectory.list(AbstractDirectory.java:73)
	at com.alibaba.dubbo.rpc.cluster.support.AbstractClusterInvoker.list(AbstractClusterInvoker.java:260)
	at com.alibaba.dubbo.rpc.cluster.support.AbstractClusterInvoker.invoke(AbstractClusterInvoker.java:219)
	at com.alibaba.dubbo.rpc.cluster.support.wrapper.MockClusterInvoker.invoke(MockClusterInvoker.java:72)
	at com.alibaba.dubbo.rpc.proxy.InvokerInvocationHandler.invoke(InvokerInvocationHandler.java:52)
	at com.alibaba.dubbo.common.bytecode.proxy0.collect(proxy0.java)
	at com.alibaba.dubbo.monitor.dubbo.DubboMonitor.send(DubboMonitor.java:113)
	at com.alibaba.dubbo.monitor.dubbo.DubboMonitor$1.run(DubboMonitor.java:70)
	at java.util.concurrent.Executors$RunnableAdapter.call(Unknown Source)
	at java.util.concurrent.FutureTask.runAndReset(Unknown Source)
	at java.util.concurrent.ScheduledThreadPoolExecutor$ScheduledFutureTask.access$301(Unknown Source)
	at java.util.concurrent.ScheduledThreadPoolExecutor$ScheduledFutureTask.run(Unknown Source)
	at java.util.concurrent.ThreadPoolExecutor.runWorker(Unknown Source)
	at java.util.concurrent.ThreadPoolExecutor$Worker.run(Unknown Source)
	at java.lang.Thread.run(Unknown Source)
2017-09-22 15:20:33 [ ERROR ] [ DubboMonitor$1.java :72(run)]  [DUBBO] Unexpected error occur at send statistic, cause: Forbid consumer 10.2.20.141 access service com.alibaba.dubbo.monitor.MonitorService from registry zkserver:2181 use dubbo version 2.5.3, Please check registry access list (whitelist/blacklist)., dubbo version: 2.5.3, current host: 10.2.20.141
com.alibaba.dubbo.rpc.RpcException: Forbid consumer 10.2.20.141 access service com.alibaba.dubbo.monitor.MonitorService from registry zkserver:2181 use dubbo version 2.5.3, Please check registry access list (whitelist/blacklist).
	at com.alibaba.dubbo.registry.integration.RegistryDirectory.doList(RegistryDirectory.java:579)
	at com.alibaba.dubbo.rpc.cluster.directory.AbstractDirectory.list(AbstractDirectory.java:73)
	at com.alibaba.dubbo.rpc.cluster.support.AbstractClusterInvoker.list(AbstractClusterInvoker.java:260)
	at com.alibaba.dubbo.rpc.cluster.support.AbstractClusterInvoker.invoke(AbstractClusterInvoker.java:219)
	at com.alibaba.dubbo.rpc.cluster.support.wrapper.MockClusterInvoker.invoke(MockClusterInvoker.java:72)
	at com.alibaba.dubbo.rpc.proxy.InvokerInvocationHandler.invoke(InvokerInvocationHandler.java:52)
	at com.alibaba.dubbo.common.bytecode.proxy0.collect(proxy0.java)
	at com.alibaba.dubbo.monitor.dubbo.DubboMonitor.send(DubboMonitor.java:113)
	at com.alibaba.dubbo.monitor.dubbo.DubboMonitor$1.run(DubboMonitor.java:70)
	at java.util.concurrent.Executors$RunnableAdapter.call(Unknown Source)
	at java.util.concurrent.FutureTask.runAndReset(Unknown Source)
	at java.util.concurrent.ScheduledThreadPoolExecutor$ScheduledFutureTask.access$301(Unknown Source)
	at java.util.concurrent.ScheduledThreadPoolExecutor$ScheduledFutureTask.run(Unknown Source)
	at java.util.concurrent.ThreadPoolExecutor.runWorker(Unknown Source)
	at java.util.concurrent.ThreadPoolExecutor$Worker.run(Unknown Source)
	at java.lang.Thread.run(Unknown Source)
2017-09-22 15:21:33 [ ERROR ] [ DubboMonitor$1.java :72(run)]  [DUBBO] Unexpected error occur at send statistic, cause: Forbid consumer 10.2.20.141 access service com.alibaba.dubbo.monitor.MonitorService from registry zkserver:2181 use dubbo version 2.5.3, Please check registry access list (whitelist/blacklist)., dubbo version: 2.5.3, current host: 10.2.20.141
com.alibaba.dubbo.rpc.RpcException: Forbid consumer 10.2.20.141 access service com.alibaba.dubbo.monitor.MonitorService from registry zkserver:2181 use dubbo version 2.5.3, Please check registry access list (whitelist/blacklist).
	at com.alibaba.dubbo.registry.integration.RegistryDirectory.doList(RegistryDirectory.java:579)
	at com.alibaba.dubbo.rpc.cluster.directory.AbstractDirectory.list(AbstractDirectory.java:73)
	at com.alibaba.dubbo.rpc.cluster.support.AbstractClusterInvoker.list(AbstractClusterInvoker.java:260)
	at com.alibaba.dubbo.rpc.cluster.support.AbstractClusterInvoker.invoke(AbstractClusterInvoker.java:219)
	at com.alibaba.dubbo.rpc.cluster.support.wrapper.MockClusterInvoker.invoke(MockClusterInvoker.java:72)
	at com.alibaba.dubbo.rpc.proxy.InvokerInvocationHandler.invoke(InvokerInvocationHandler.java:52)
	at com.alibaba.dubbo.common.bytecode.proxy0.collect(proxy0.java)
	at com.alibaba.dubbo.monitor.dubbo.DubboMonitor.send(DubboMonitor.java:113)
	at com.alibaba.dubbo.monitor.dubbo.DubboMonitor$1.run(DubboMonitor.java:70)
	at java.util.concurrent.Executors$RunnableAdapter.call(Unknown Source)
	at java.util.concurrent.FutureTask.runAndReset(Unknown Source)
	at java.util.concurrent.ScheduledThreadPoolExecutor$ScheduledFutureTask.access$301(Unknown Source)
	at java.util.concurrent.ScheduledThreadPoolExecutor$ScheduledFutureTask.run(Unknown Source)
	at java.util.concurrent.ThreadPoolExecutor.runWorker(Unknown Source)
	at java.util.concurrent.ThreadPoolExecutor$Worker.run(Unknown Source)
	at java.lang.Thread.run(Unknown Source)
2017-09-22 15:22:33 [ ERROR ] [ DubboMonitor$1.java :72(run)]  [DUBBO] Unexpected error occur at send statistic, cause: Forbid consumer 10.2.20.141 access service com.alibaba.dubbo.monitor.MonitorService from registry zkserver:2181 use dubbo version 2.5.3, Please check registry access list (whitelist/blacklist)., dubbo version: 2.5.3, current host: 10.2.20.141
com.alibaba.dubbo.rpc.RpcException: Forbid consumer 10.2.20.141 access service com.alibaba.dubbo.monitor.MonitorService from registry zkserver:2181 use dubbo version 2.5.3, Please check registry access list (whitelist/blacklist).
	at com.alibaba.dubbo.registry.integration.RegistryDirectory.doList(RegistryDirectory.java:579)
	at com.alibaba.dubbo.rpc.cluster.directory.AbstractDirectory.list(AbstractDirectory.java:73)
	at com.alibaba.dubbo.rpc.cluster.support.AbstractClusterInvoker.list(AbstractClusterInvoker.java:260)
	at com.alibaba.dubbo.rpc.cluster.support.AbstractClusterInvoker.invoke(AbstractClusterInvoker.java:219)
	at com.alibaba.dubbo.rpc.cluster.support.wrapper.MockClusterInvoker.invoke(MockClusterInvoker.java:72)
	at com.alibaba.dubbo.rpc.proxy.InvokerInvocationHandler.invoke(InvokerInvocationHandler.java:52)
	at com.alibaba.dubbo.common.bytecode.proxy0.collect(proxy0.java)
	at com.alibaba.dubbo.monitor.dubbo.DubboMonitor.send(DubboMonitor.java:113)
	at com.alibaba.dubbo.monitor.dubbo.DubboMonitor$1.run(DubboMonitor.java:70)
	at java.util.concurrent.Executors$RunnableAdapter.call(Unknown Source)
	at java.util.concurrent.FutureTask.runAndReset(Unknown Source)
	at java.util.concurrent.ScheduledThreadPoolExecutor$ScheduledFutureTask.access$301(Unknown Source)
	at java.util.concurrent.ScheduledThreadPoolExecutor$ScheduledFutureTask.run(Unknown Source)
	at java.util.concurrent.ThreadPoolExecutor.runWorker(Unknown Source)
	at java.util.concurrent.ThreadPoolExecutor$Worker.run(Unknown Source)
	at java.lang.Thread.run(Unknown Source)
2017-09-22 15:23:33 [ ERROR ] [ DubboMonitor$1.java :72(run)]  [DUBBO] Unexpected error occur at send statistic, cause: Forbid consumer 10.2.20.141 access service com.alibaba.dubbo.monitor.MonitorService from registry zkserver:2181 use dubbo version 2.5.3, Please check registry access list (whitelist/blacklist)., dubbo version: 2.5.3, current host: 10.2.20.141
com.alibaba.dubbo.rpc.RpcException: Forbid consumer 10.2.20.141 access service com.alibaba.dubbo.monitor.MonitorService from registry zkserver:2181 use dubbo version 2.5.3, Please check registry access list (whitelist/blacklist).
	at com.alibaba.dubbo.registry.integration.RegistryDirectory.doList(RegistryDirectory.java:579)
	at com.alibaba.dubbo.rpc.cluster.directory.AbstractDirectory.list(AbstractDirectory.java:73)
	at com.alibaba.dubbo.rpc.cluster.support.AbstractClusterInvoker.list(AbstractClusterInvoker.java:260)
	at com.alibaba.dubbo.rpc.cluster.support.AbstractClusterInvoker.invoke(AbstractClusterInvoker.java:219)
	at com.alibaba.dubbo.rpc.cluster.support.wrapper.MockClusterInvoker.invoke(MockClusterInvoker.java:72)
	at com.alibaba.dubbo.rpc.proxy.InvokerInvocationHandler.invoke(InvokerInvocationHandler.java:52)
	at com.alibaba.dubbo.common.bytecode.proxy0.collect(proxy0.java)
	at com.alibaba.dubbo.monitor.dubbo.DubboMonitor.send(DubboMonitor.java:113)
	at com.alibaba.dubbo.monitor.dubbo.DubboMonitor$1.run(DubboMonitor.java:70)
	at java.util.concurrent.Executors$RunnableAdapter.call(Unknown Source)
	at java.util.concurrent.FutureTask.runAndReset(Unknown Source)
	at java.util.concurrent.ScheduledThreadPoolExecutor$ScheduledFutureTask.access$301(Unknown Source)
	at java.util.concurrent.ScheduledThreadPoolExecutor$ScheduledFutureTask.run(Unknown Source)
	at java.util.concurrent.ThreadPoolExecutor.runWorker(Unknown Source)
	at java.util.concurrent.ThreadPoolExecutor$Worker.run(Unknown Source)
	at java.lang.Thread.run(Unknown Source)
2017-09-22 15:24:33 [ ERROR ] [ DubboMonitor$1.java :72(run)]  [DUBBO] Unexpected error occur at send statistic, cause: Forbid consumer 10.2.20.141 access service com.alibaba.dubbo.monitor.MonitorService from registry zkserver:2181 use dubbo version 2.5.3, Please check registry access list (whitelist/blacklist)., dubbo version: 2.5.3, current host: 10.2.20.141
com.alibaba.dubbo.rpc.RpcException: Forbid consumer 10.2.20.141 access service com.alibaba.dubbo.monitor.MonitorService from registry zkserver:2181 use dubbo version 2.5.3, Please check registry access list (whitelist/blacklist).
	at com.alibaba.dubbo.registry.integration.RegistryDirectory.doList(RegistryDirectory.java:579)
	at com.alibaba.dubbo.rpc.cluster.directory.AbstractDirectory.list(AbstractDirectory.java:73)
	at com.alibaba.dubbo.rpc.cluster.support.AbstractClusterInvoker.list(AbstractClusterInvoker.java:260)
	at com.alibaba.dubbo.rpc.cluster.support.AbstractClusterInvoker.invoke(AbstractClusterInvoker.java:219)
	at com.alibaba.dubbo.rpc.cluster.support.wrapper.MockClusterInvoker.invoke(MockClusterInvoker.java:72)
	at com.alibaba.dubbo.rpc.proxy.InvokerInvocationHandler.invoke(InvokerInvocationHandler.java:52)
	at com.alibaba.dubbo.common.bytecode.proxy0.collect(proxy0.java)
	at com.alibaba.dubbo.monitor.dubbo.DubboMonitor.send(DubboMonitor.java:113)
	at com.alibaba.dubbo.monitor.dubbo.DubboMonitor$1.run(DubboMonitor.java:70)
	at java.util.concurrent.Executors$RunnableAdapter.call(Unknown Source)
	at java.util.concurrent.FutureTask.runAndReset(Unknown Source)
	at java.util.concurrent.ScheduledThreadPoolExecutor$ScheduledFutureTask.access$301(Unknown Source)
	at java.util.concurrent.ScheduledThreadPoolExecutor$ScheduledFutureTask.run(Unknown Source)
	at java.util.concurrent.ThreadPoolExecutor.runWorker(Unknown Source)
	at java.util.concurrent.ThreadPoolExecutor$Worker.run(Unknown Source)
	at java.lang.Thread.run(Unknown Source)
2017-09-22 15:25:33 [ ERROR ] [ DubboMonitor$1.java :72(run)]  [DUBBO] Unexpected error occur at send statistic, cause: Forbid consumer 10.2.20.141 access service com.alibaba.dubbo.monitor.MonitorService from registry zkserver:2181 use dubbo version 2.5.3, Please check registry access list (whitelist/blacklist)., dubbo version: 2.5.3, current host: 10.2.20.141
com.alibaba.dubbo.rpc.RpcException: Forbid consumer 10.2.20.141 access service com.alibaba.dubbo.monitor.MonitorService from registry zkserver:2181 use dubbo version 2.5.3, Please check registry access list (whitelist/blacklist).
	at com.alibaba.dubbo.registry.integration.RegistryDirectory.doList(RegistryDirectory.java:579)
	at com.alibaba.dubbo.rpc.cluster.directory.AbstractDirectory.list(AbstractDirectory.java:73)
	at com.alibaba.dubbo.rpc.cluster.support.AbstractClusterInvoker.list(AbstractClusterInvoker.java:260)
	at com.alibaba.dubbo.rpc.cluster.support.AbstractClusterInvoker.invoke(AbstractClusterInvoker.java:219)
	at com.alibaba.dubbo.rpc.cluster.support.wrapper.MockClusterInvoker.invoke(MockClusterInvoker.java:72)
	at com.alibaba.dubbo.rpc.proxy.InvokerInvocationHandler.invoke(InvokerInvocationHandler.java:52)
	at com.alibaba.dubbo.common.bytecode.proxy0.collect(proxy0.java)
	at com.alibaba.dubbo.monitor.dubbo.DubboMonitor.send(DubboMonitor.java:113)
	at com.alibaba.dubbo.monitor.dubbo.DubboMonitor$1.run(DubboMonitor.java:70)
	at java.util.concurrent.Executors$RunnableAdapter.call(Unknown Source)
	at java.util.concurrent.FutureTask.runAndReset(Unknown Source)
	at java.util.concurrent.ScheduledThreadPoolExecutor$ScheduledFutureTask.access$301(Unknown Source)
	at java.util.concurrent.ScheduledThreadPoolExecutor$ScheduledFutureTask.run(Unknown Source)
	at java.util.concurrent.ThreadPoolExecutor.runWorker(Unknown Source)
	at java.util.concurrent.ThreadPoolExecutor$Worker.run(Unknown Source)
	at java.lang.Thread.run(Unknown Source)
2017-09-22 15:26:33 [ ERROR ] [ DubboMonitor$1.java :72(run)]  [DUBBO] Unexpected error occur at send statistic, cause: Forbid consumer 10.2.20.141 access service com.alibaba.dubbo.monitor.MonitorService from registry zkserver:2181 use dubbo version 2.5.3, Please check registry access list (whitelist/blacklist)., dubbo version: 2.5.3, current host: 10.2.20.141
com.alibaba.dubbo.rpc.RpcException: Forbid consumer 10.2.20.141 access service com.alibaba.dubbo.monitor.MonitorService from registry zkserver:2181 use dubbo version 2.5.3, Please check registry access list (whitelist/blacklist).
	at com.alibaba.dubbo.registry.integration.RegistryDirectory.doList(RegistryDirectory.java:579)
	at com.alibaba.dubbo.rpc.cluster.directory.AbstractDirectory.list(AbstractDirectory.java:73)
	at com.alibaba.dubbo.rpc.cluster.support.AbstractClusterInvoker.list(AbstractClusterInvoker.java:260)
	at com.alibaba.dubbo.rpc.cluster.support.AbstractClusterInvoker.invoke(AbstractClusterInvoker.java:219)
	at com.alibaba.dubbo.rpc.cluster.support.wrapper.MockClusterInvoker.invoke(MockClusterInvoker.java:72)
	at com.alibaba.dubbo.rpc.proxy.InvokerInvocationHandler.invoke(InvokerInvocationHandler.java:52)
	at com.alibaba.dubbo.common.bytecode.proxy0.collect(proxy0.java)
	at com.alibaba.dubbo.monitor.dubbo.DubboMonitor.send(DubboMonitor.java:113)
	at com.alibaba.dubbo.monitor.dubbo.DubboMonitor$1.run(DubboMonitor.java:70)
	at java.util.concurrent.Executors$RunnableAdapter.call(Unknown Source)
	at java.util.concurrent.FutureTask.runAndReset(Unknown Source)
	at java.util.concurrent.ScheduledThreadPoolExecutor$ScheduledFutureTask.access$301(Unknown Source)
	at java.util.concurrent.ScheduledThreadPoolExecutor$ScheduledFutureTask.run(Unknown Source)
	at java.util.concurrent.ThreadPoolExecutor.runWorker(Unknown Source)
	at java.util.concurrent.ThreadPoolExecutor$Worker.run(Unknown Source)
	at java.lang.Thread.run(Unknown Source)
2017-09-22 15:27:33 [ ERROR ] [ DubboMonitor$1.java :72(run)]  [DUBBO] Unexpected error occur at send statistic, cause: Forbid consumer 10.2.20.141 access service com.alibaba.dubbo.monitor.MonitorService from registry zkserver:2181 use dubbo version 2.5.3, Please check registry access list (whitelist/blacklist)., dubbo version: 2.5.3, current host: 10.2.20.141
com.alibaba.dubbo.rpc.RpcException: Forbid consumer 10.2.20.141 access service com.alibaba.dubbo.monitor.MonitorService from registry zkserver:2181 use dubbo version 2.5.3, Please check registry access list (whitelist/blacklist).
	at com.alibaba.dubbo.registry.integration.RegistryDirectory.doList(RegistryDirectory.java:579)
	at com.alibaba.dubbo.rpc.cluster.directory.AbstractDirectory.list(AbstractDirectory.java:73)
	at com.alibaba.dubbo.rpc.cluster.support.AbstractClusterInvoker.list(AbstractClusterInvoker.java:260)
	at com.alibaba.dubbo.rpc.cluster.support.AbstractClusterInvoker.invoke(AbstractClusterInvoker.java:219)
	at com.alibaba.dubbo.rpc.cluster.support.wrapper.MockClusterInvoker.invoke(MockClusterInvoker.java:72)
	at com.alibaba.dubbo.rpc.proxy.InvokerInvocationHandler.invoke(InvokerInvocationHandler.java:52)
	at com.alibaba.dubbo.common.bytecode.proxy0.collect(proxy0.java)
	at com.alibaba.dubbo.monitor.dubbo.DubboMonitor.send(DubboMonitor.java:113)
	at com.alibaba.dubbo.monitor.dubbo.DubboMonitor$1.run(DubboMonitor.java:70)
	at java.util.concurrent.Executors$RunnableAdapter.call(Unknown Source)
	at java.util.concurrent.FutureTask.runAndReset(Unknown Source)
	at java.util.concurrent.ScheduledThreadPoolExecutor$ScheduledFutureTask.access$301(Unknown Source)
	at java.util.concurrent.ScheduledThreadPoolExecutor$ScheduledFutureTask.run(Unknown Source)
	at java.util.concurrent.ThreadPoolExecutor.runWorker(Unknown Source)
	at java.util.concurrent.ThreadPoolExecutor$Worker.run(Unknown Source)
	at java.lang.Thread.run(Unknown Source)
2017-09-22 15:28:33 [ ERROR ] [ DubboMonitor$1.java :72(run)]  [DUBBO] Unexpected error occur at send statistic, cause: Forbid consumer 10.2.20.141 access service com.alibaba.dubbo.monitor.MonitorService from registry zkserver:2181 use dubbo version 2.5.3, Please check registry access list (whitelist/blacklist)., dubbo version: 2.5.3, current host: 10.2.20.141
com.alibaba.dubbo.rpc.RpcException: Forbid consumer 10.2.20.141 access service com.alibaba.dubbo.monitor.MonitorService from registry zkserver:2181 use dubbo version 2.5.3, Please check registry access list (whitelist/blacklist).
	at com.alibaba.dubbo.registry.integration.RegistryDirectory.doList(RegistryDirectory.java:579)
	at com.alibaba.dubbo.rpc.cluster.directory.AbstractDirectory.list(AbstractDirectory.java:73)
	at com.alibaba.dubbo.rpc.cluster.support.AbstractClusterInvoker.list(AbstractClusterInvoker.java:260)
	at com.alibaba.dubbo.rpc.cluster.support.AbstractClusterInvoker.invoke(AbstractClusterInvoker.java:219)
	at com.alibaba.dubbo.rpc.cluster.support.wrapper.MockClusterInvoker.invoke(MockClusterInvoker.java:72)
	at com.alibaba.dubbo.rpc.proxy.InvokerInvocationHandler.invoke(InvokerInvocationHandler.java:52)
	at com.alibaba.dubbo.common.bytecode.proxy0.collect(proxy0.java)
	at com.alibaba.dubbo.monitor.dubbo.DubboMonitor.send(DubboMonitor.java:113)
	at com.alibaba.dubbo.monitor.dubbo.DubboMonitor$1.run(DubboMonitor.java:70)
	at java.util.concurrent.Executors$RunnableAdapter.call(Unknown Source)
	at java.util.concurrent.FutureTask.runAndReset(Unknown Source)
	at java.util.concurrent.ScheduledThreadPoolExecutor$ScheduledFutureTask.access$301(Unknown Source)
	at java.util.concurrent.ScheduledThreadPoolExecutor$ScheduledFutureTask.run(Unknown Source)
	at java.util.concurrent.ThreadPoolExecutor.runWorker(Unknown Source)
	at java.util.concurrent.ThreadPoolExecutor$Worker.run(Unknown Source)
	at java.lang.Thread.run(Unknown Source)
2017-09-22 15:29:33 [ ERROR ] [ DubboMonitor$1.java :72(run)]  [DUBBO] Unexpected error occur at send statistic, cause: Forbid consumer 10.2.20.141 access service com.alibaba.dubbo.monitor.MonitorService from registry zkserver:2181 use dubbo version 2.5.3, Please check registry access list (whitelist/blacklist)., dubbo version: 2.5.3, current host: 10.2.20.141
com.alibaba.dubbo.rpc.RpcException: Forbid consumer 10.2.20.141 access service com.alibaba.dubbo.monitor.MonitorService from registry zkserver:2181 use dubbo version 2.5.3, Please check registry access list (whitelist/blacklist).
	at com.alibaba.dubbo.registry.integration.RegistryDirectory.doList(RegistryDirectory.java:579)
	at com.alibaba.dubbo.rpc.cluster.directory.AbstractDirectory.list(AbstractDirectory.java:73)
	at com.alibaba.dubbo.rpc.cluster.support.AbstractClusterInvoker.list(AbstractClusterInvoker.java:260)
	at com.alibaba.dubbo.rpc.cluster.support.AbstractClusterInvoker.invoke(AbstractClusterInvoker.java:219)
	at com.alibaba.dubbo.rpc.cluster.support.wrapper.MockClusterInvoker.invoke(MockClusterInvoker.java:72)
	at com.alibaba.dubbo.rpc.proxy.InvokerInvocationHandler.invoke(InvokerInvocationHandler.java:52)
	at com.alibaba.dubbo.common.bytecode.proxy0.collect(proxy0.java)
	at com.alibaba.dubbo.monitor.dubbo.DubboMonitor.send(DubboMonitor.java:113)
	at com.alibaba.dubbo.monitor.dubbo.DubboMonitor$1.run(DubboMonitor.java:70)
	at java.util.concurrent.Executors$RunnableAdapter.call(Unknown Source)
	at java.util.concurrent.FutureTask.runAndReset(Unknown Source)
	at java.util.concurrent.ScheduledThreadPoolExecutor$ScheduledFutureTask.access$301(Unknown Source)
	at java.util.concurrent.ScheduledThreadPoolExecutor$ScheduledFutureTask.run(Unknown Source)
	at java.util.concurrent.ThreadPoolExecutor.runWorker(Unknown Source)
	at java.util.concurrent.ThreadPoolExecutor$Worker.run(Unknown Source)
	at java.lang.Thread.run(Unknown Source)
2017-09-22 15:30:33 [ ERROR ] [ DubboMonitor$1.java :72(run)]  [DUBBO] Unexpected error occur at send statistic, cause: Forbid consumer 10.2.20.141 access service com.alibaba.dubbo.monitor.MonitorService from registry zkserver:2181 use dubbo version 2.5.3, Please check registry access list (whitelist/blacklist)., dubbo version: 2.5.3, current host: 10.2.20.141
com.alibaba.dubbo.rpc.RpcException: Forbid consumer 10.2.20.141 access service com.alibaba.dubbo.monitor.MonitorService from registry zkserver:2181 use dubbo version 2.5.3, Please check registry access list (whitelist/blacklist).
	at com.alibaba.dubbo.registry.integration.RegistryDirectory.doList(RegistryDirectory.java:579)
	at com.alibaba.dubbo.rpc.cluster.directory.AbstractDirectory.list(AbstractDirectory.java:73)
	at com.alibaba.dubbo.rpc.cluster.support.AbstractClusterInvoker.list(AbstractClusterInvoker.java:260)
	at com.alibaba.dubbo.rpc.cluster.support.AbstractClusterInvoker.invoke(AbstractClusterInvoker.java:219)
	at com.alibaba.dubbo.rpc.cluster.support.wrapper.MockClusterInvoker.invoke(MockClusterInvoker.java:72)
	at com.alibaba.dubbo.rpc.proxy.InvokerInvocationHandler.invoke(InvokerInvocationHandler.java:52)
	at com.alibaba.dubbo.common.bytecode.proxy0.collect(proxy0.java)
	at com.alibaba.dubbo.monitor.dubbo.DubboMonitor.send(DubboMonitor.java:113)
	at com.alibaba.dubbo.monitor.dubbo.DubboMonitor$1.run(DubboMonitor.java:70)
	at java.util.concurrent.Executors$RunnableAdapter.call(Unknown Source)
	at java.util.concurrent.FutureTask.runAndReset(Unknown Source)
	at java.util.concurrent.ScheduledThreadPoolExecutor$ScheduledFutureTask.access$301(Unknown Source)
	at java.util.concurrent.ScheduledThreadPoolExecutor$ScheduledFutureTask.run(Unknown Source)
	at java.util.concurrent.ThreadPoolExecutor.runWorker(Unknown Source)
	at java.util.concurrent.ThreadPoolExecutor$Worker.run(Unknown Source)
	at java.lang.Thread.run(Unknown Source)
2017-09-22 15:31:33 [ ERROR ] [ DubboMonitor$1.java :72(run)]  [DUBBO] Unexpected error occur at send statistic, cause: Forbid consumer 10.2.20.141 access service com.alibaba.dubbo.monitor.MonitorService from registry zkserver:2181 use dubbo version 2.5.3, Please check registry access list (whitelist/blacklist)., dubbo version: 2.5.3, current host: 10.2.20.141
com.alibaba.dubbo.rpc.RpcException: Forbid consumer 10.2.20.141 access service com.alibaba.dubbo.monitor.MonitorService from registry zkserver:2181 use dubbo version 2.5.3, Please check registry access list (whitelist/blacklist).
	at com.alibaba.dubbo.registry.integration.RegistryDirectory.doList(RegistryDirectory.java:579)
	at com.alibaba.dubbo.rpc.cluster.directory.AbstractDirectory.list(AbstractDirectory.java:73)
	at com.alibaba.dubbo.rpc.cluster.support.AbstractClusterInvoker.list(AbstractClusterInvoker.java:260)
	at com.alibaba.dubbo.rpc.cluster.support.AbstractClusterInvoker.invoke(AbstractClusterInvoker.java:219)
	at com.alibaba.dubbo.rpc.cluster.support.wrapper.MockClusterInvoker.invoke(MockClusterInvoker.java:72)
	at com.alibaba.dubbo.rpc.proxy.InvokerInvocationHandler.invoke(InvokerInvocationHandler.java:52)
	at com.alibaba.dubbo.common.bytecode.proxy0.collect(proxy0.java)
	at com.alibaba.dubbo.monitor.dubbo.DubboMonitor.send(DubboMonitor.java:113)
	at com.alibaba.dubbo.monitor.dubbo.DubboMonitor$1.run(DubboMonitor.java:70)
	at java.util.concurrent.Executors$RunnableAdapter.call(Unknown Source)
	at java.util.concurrent.FutureTask.runAndReset(Unknown Source)
	at java.util.concurrent.ScheduledThreadPoolExecutor$ScheduledFutureTask.access$301(Unknown Source)
	at java.util.concurrent.ScheduledThreadPoolExecutor$ScheduledFutureTask.run(Unknown Source)
	at java.util.concurrent.ThreadPoolExecutor.runWorker(Unknown Source)
	at java.util.concurrent.ThreadPoolExecutor$Worker.run(Unknown Source)
	at java.lang.Thread.run(Unknown Source)
2017-09-22 15:32:33 [ ERROR ] [ DubboMonitor$1.java :72(run)]  [DUBBO] Unexpected error occur at send statistic, cause: Forbid consumer 10.2.20.141 access service com.alibaba.dubbo.monitor.MonitorService from registry zkserver:2181 use dubbo version 2.5.3, Please check registry access list (whitelist/blacklist)., dubbo version: 2.5.3, current host: 10.2.20.141
com.alibaba.dubbo.rpc.RpcException: Forbid consumer 10.2.20.141 access service com.alibaba.dubbo.monitor.MonitorService from registry zkserver:2181 use dubbo version 2.5.3, Please check registry access list (whitelist/blacklist).
	at com.alibaba.dubbo.registry.integration.RegistryDirectory.doList(RegistryDirectory.java:579)
	at com.alibaba.dubbo.rpc.cluster.directory.AbstractDirectory.list(AbstractDirectory.java:73)
	at com.alibaba.dubbo.rpc.cluster.support.AbstractClusterInvoker.list(AbstractClusterInvoker.java:260)
	at com.alibaba.dubbo.rpc.cluster.support.AbstractClusterInvoker.invoke(AbstractClusterInvoker.java:219)
	at com.alibaba.dubbo.rpc.cluster.support.wrapper.MockClusterInvoker.invoke(MockClusterInvoker.java:72)
	at com.alibaba.dubbo.rpc.proxy.InvokerInvocationHandler.invoke(InvokerInvocationHandler.java:52)
	at com.alibaba.dubbo.common.bytecode.proxy0.collect(proxy0.java)
	at com.alibaba.dubbo.monitor.dubbo.DubboMonitor.send(DubboMonitor.java:113)
	at com.alibaba.dubbo.monitor.dubbo.DubboMonitor$1.run(DubboMonitor.java:70)
	at java.util.concurrent.Executors$RunnableAdapter.call(Unknown Source)
	at java.util.concurrent.FutureTask.runAndReset(Unknown Source)
	at java.util.concurrent.ScheduledThreadPoolExecutor$ScheduledFutureTask.access$301(Unknown Source)
	at java.util.concurrent.ScheduledThreadPoolExecutor$ScheduledFutureTask.run(Unknown Source)
	at java.util.concurrent.ThreadPoolExecutor.runWorker(Unknown Source)
	at java.util.concurrent.ThreadPoolExecutor$Worker.run(Unknown Source)
	at java.lang.Thread.run(Unknown Source)
2017-09-22 15:33:33 [ ERROR ] [ DubboMonitor$1.java :72(run)]  [DUBBO] Unexpected error occur at send statistic, cause: Forbid consumer 10.2.20.141 access service com.alibaba.dubbo.monitor.MonitorService from registry zkserver:2181 use dubbo version 2.5.3, Please check registry access list (whitelist/blacklist)., dubbo version: 2.5.3, current host: 10.2.20.141
com.alibaba.dubbo.rpc.RpcException: Forbid consumer 10.2.20.141 access service com.alibaba.dubbo.monitor.MonitorService from registry zkserver:2181 use dubbo version 2.5.3, Please check registry access list (whitelist/blacklist).
	at com.alibaba.dubbo.registry.integration.RegistryDirectory.doList(RegistryDirectory.java:579)
	at com.alibaba.dubbo.rpc.cluster.directory.AbstractDirectory.list(AbstractDirectory.java:73)
	at com.alibaba.dubbo.rpc.cluster.support.AbstractClusterInvoker.list(AbstractClusterInvoker.java:260)
	at com.alibaba.dubbo.rpc.cluster.support.AbstractClusterInvoker.invoke(AbstractClusterInvoker.java:219)
	at com.alibaba.dubbo.rpc.cluster.support.wrapper.MockClusterInvoker.invoke(MockClusterInvoker.java:72)
	at com.alibaba.dubbo.rpc.proxy.InvokerInvocationHandler.invoke(InvokerInvocationHandler.java:52)
	at com.alibaba.dubbo.common.bytecode.proxy0.collect(proxy0.java)
	at com.alibaba.dubbo.monitor.dubbo.DubboMonitor.send(DubboMonitor.java:113)
	at com.alibaba.dubbo.monitor.dubbo.DubboMonitor$1.run(DubboMonitor.java:70)
	at java.util.concurrent.Executors$RunnableAdapter.call(Unknown Source)
	at java.util.concurrent.FutureTask.runAndReset(Unknown Source)
	at java.util.concurrent.ScheduledThreadPoolExecutor$ScheduledFutureTask.access$301(Unknown Source)
	at java.util.concurrent.ScheduledThreadPoolExecutor$ScheduledFutureTask.run(Unknown Source)
	at java.util.concurrent.ThreadPoolExecutor.runWorker(Unknown Source)
	at java.util.concurrent.ThreadPoolExecutor$Worker.run(Unknown Source)
	at java.lang.Thread.run(Unknown Source)
2017-09-22 15:34:33 [ ERROR ] [ DubboMonitor$1.java :72(run)]  [DUBBO] Unexpected error occur at send statistic, cause: Forbid consumer 10.2.20.141 access service com.alibaba.dubbo.monitor.MonitorService from registry zkserver:2181 use dubbo version 2.5.3, Please check registry access list (whitelist/blacklist)., dubbo version: 2.5.3, current host: 10.2.20.141
com.alibaba.dubbo.rpc.RpcException: Forbid consumer 10.2.20.141 access service com.alibaba.dubbo.monitor.MonitorService from registry zkserver:2181 use dubbo version 2.5.3, Please check registry access list (whitelist/blacklist).
	at com.alibaba.dubbo.registry.integration.RegistryDirectory.doList(RegistryDirectory.java:579)
	at com.alibaba.dubbo.rpc.cluster.directory.AbstractDirectory.list(AbstractDirectory.java:73)
	at com.alibaba.dubbo.rpc.cluster.support.AbstractClusterInvoker.list(AbstractClusterInvoker.java:260)
	at com.alibaba.dubbo.rpc.cluster.support.AbstractClusterInvoker.invoke(AbstractClusterInvoker.java:219)
	at com.alibaba.dubbo.rpc.cluster.support.wrapper.MockClusterInvoker.invoke(MockClusterInvoker.java:72)
	at com.alibaba.dubbo.rpc.proxy.InvokerInvocationHandler.invoke(InvokerInvocationHandler.java:52)
	at com.alibaba.dubbo.common.bytecode.proxy0.collect(proxy0.java)
	at com.alibaba.dubbo.monitor.dubbo.DubboMonitor.send(DubboMonitor.java:113)
	at com.alibaba.dubbo.monitor.dubbo.DubboMonitor$1.run(DubboMonitor.java:70)
	at java.util.concurrent.Executors$RunnableAdapter.call(Unknown Source)
	at java.util.concurrent.FutureTask.runAndReset(Unknown Source)
	at java.util.concurrent.ScheduledThreadPoolExecutor$ScheduledFutureTask.access$301(Unknown Source)
	at java.util.concurrent.ScheduledThreadPoolExecutor$ScheduledFutureTask.run(Unknown Source)
	at java.util.concurrent.ThreadPoolExecutor.runWorker(Unknown Source)
	at java.util.concurrent.ThreadPoolExecutor$Worker.run(Unknown Source)
	at java.lang.Thread.run(Unknown Source)
2017-09-22 15:35:33 [ ERROR ] [ DubboMonitor$1.java :72(run)]  [DUBBO] Unexpected error occur at send statistic, cause: Forbid consumer 10.2.20.141 access service com.alibaba.dubbo.monitor.MonitorService from registry zkserver:2181 use dubbo version 2.5.3, Please check registry access list (whitelist/blacklist)., dubbo version: 2.5.3, current host: 10.2.20.141
com.alibaba.dubbo.rpc.RpcException: Forbid consumer 10.2.20.141 access service com.alibaba.dubbo.monitor.MonitorService from registry zkserver:2181 use dubbo version 2.5.3, Please check registry access list (whitelist/blacklist).
	at com.alibaba.dubbo.registry.integration.RegistryDirectory.doList(RegistryDirectory.java:579)
	at com.alibaba.dubbo.rpc.cluster.directory.AbstractDirectory.list(AbstractDirectory.java:73)
	at com.alibaba.dubbo.rpc.cluster.support.AbstractClusterInvoker.list(AbstractClusterInvoker.java:260)
	at com.alibaba.dubbo.rpc.cluster.support.AbstractClusterInvoker.invoke(AbstractClusterInvoker.java:219)
	at com.alibaba.dubbo.rpc.cluster.support.wrapper.MockClusterInvoker.invoke(MockClusterInvoker.java:72)
	at com.alibaba.dubbo.rpc.proxy.InvokerInvocationHandler.invoke(InvokerInvocationHandler.java:52)
	at com.alibaba.dubbo.common.bytecode.proxy0.collect(proxy0.java)
	at com.alibaba.dubbo.monitor.dubbo.DubboMonitor.send(DubboMonitor.java:113)
	at com.alibaba.dubbo.monitor.dubbo.DubboMonitor$1.run(DubboMonitor.java:70)
	at java.util.concurrent.Executors$RunnableAdapter.call(Unknown Source)
	at java.util.concurrent.FutureTask.runAndReset(Unknown Source)
	at java.util.concurrent.ScheduledThreadPoolExecutor$ScheduledFutureTask.access$301(Unknown Source)
	at java.util.concurrent.ScheduledThreadPoolExecutor$ScheduledFutureTask.run(Unknown Source)
	at java.util.concurrent.ThreadPoolExecutor.runWorker(Unknown Source)
	at java.util.concurrent.ThreadPoolExecutor$Worker.run(Unknown Source)
	at java.lang.Thread.run(Unknown Source)
2017-09-22 15:36:33 [ ERROR ] [ DubboMonitor$1.java :72(run)]  [DUBBO] Unexpected error occur at send statistic, cause: Forbid consumer 10.2.20.141 access service com.alibaba.dubbo.monitor.MonitorService from registry zkserver:2181 use dubbo version 2.5.3, Please check registry access list (whitelist/blacklist)., dubbo version: 2.5.3, current host: 10.2.20.141
com.alibaba.dubbo.rpc.RpcException: Forbid consumer 10.2.20.141 access service com.alibaba.dubbo.monitor.MonitorService from registry zkserver:2181 use dubbo version 2.5.3, Please check registry access list (whitelist/blacklist).
	at com.alibaba.dubbo.registry.integration.RegistryDirectory.doList(RegistryDirectory.java:579)
	at com.alibaba.dubbo.rpc.cluster.directory.AbstractDirectory.list(AbstractDirectory.java:73)
	at com.alibaba.dubbo.rpc.cluster.support.AbstractClusterInvoker.list(AbstractClusterInvoker.java:260)
	at com.alibaba.dubbo.rpc.cluster.support.AbstractClusterInvoker.invoke(AbstractClusterInvoker.java:219)
	at com.alibaba.dubbo.rpc.cluster.support.wrapper.MockClusterInvoker.invoke(MockClusterInvoker.java:72)
	at com.alibaba.dubbo.rpc.proxy.InvokerInvocationHandler.invoke(InvokerInvocationHandler.java:52)
	at com.alibaba.dubbo.common.bytecode.proxy0.collect(proxy0.java)
	at com.alibaba.dubbo.monitor.dubbo.DubboMonitor.send(DubboMonitor.java:113)
	at com.alibaba.dubbo.monitor.dubbo.DubboMonitor$1.run(DubboMonitor.java:70)
	at java.util.concurrent.Executors$RunnableAdapter.call(Unknown Source)
	at java.util.concurrent.FutureTask.runAndReset(Unknown Source)
	at java.util.concurrent.ScheduledThreadPoolExecutor$ScheduledFutureTask.access$301(Unknown Source)
	at java.util.concurrent.ScheduledThreadPoolExecutor$ScheduledFutureTask.run(Unknown Source)
	at java.util.concurrent.ThreadPoolExecutor.runWorker(Unknown Source)
	at java.util.concurrent.ThreadPoolExecutor$Worker.run(Unknown Source)
	at java.lang.Thread.run(Unknown Source)
2017-09-22 15:37:33 [ ERROR ] [ DubboMonitor$1.java :72(run)]  [DUBBO] Unexpected error occur at send statistic, cause: Forbid consumer 10.2.20.141 access service com.alibaba.dubbo.monitor.MonitorService from registry zkserver:2181 use dubbo version 2.5.3, Please check registry access list (whitelist/blacklist)., dubbo version: 2.5.3, current host: 10.2.20.141
com.alibaba.dubbo.rpc.RpcException: Forbid consumer 10.2.20.141 access service com.alibaba.dubbo.monitor.MonitorService from registry zkserver:2181 use dubbo version 2.5.3, Please check registry access list (whitelist/blacklist).
	at com.alibaba.dubbo.registry.integration.RegistryDirectory.doList(RegistryDirectory.java:579)
	at com.alibaba.dubbo.rpc.cluster.directory.AbstractDirectory.list(AbstractDirectory.java:73)
	at com.alibaba.dubbo.rpc.cluster.support.AbstractClusterInvoker.list(AbstractClusterInvoker.java:260)
	at com.alibaba.dubbo.rpc.cluster.support.AbstractClusterInvoker.invoke(AbstractClusterInvoker.java:219)
	at com.alibaba.dubbo.rpc.cluster.support.wrapper.MockClusterInvoker.invoke(MockClusterInvoker.java:72)
	at com.alibaba.dubbo.rpc.proxy.InvokerInvocationHandler.invoke(InvokerInvocationHandler.java:52)
	at com.alibaba.dubbo.common.bytecode.proxy0.collect(proxy0.java)
	at com.alibaba.dubbo.monitor.dubbo.DubboMonitor.send(DubboMonitor.java:113)
	at com.alibaba.dubbo.monitor.dubbo.DubboMonitor$1.run(DubboMonitor.java:70)
	at java.util.concurrent.Executors$RunnableAdapter.call(Unknown Source)
	at java.util.concurrent.FutureTask.runAndReset(Unknown Source)
	at java.util.concurrent.ScheduledThreadPoolExecutor$ScheduledFutureTask.access$301(Unknown Source)
	at java.util.concurrent.ScheduledThreadPoolExecutor$ScheduledFutureTask.run(Unknown Source)
	at java.util.concurrent.ThreadPoolExecutor.runWorker(Unknown Source)
	at java.util.concurrent.ThreadPoolExecutor$Worker.run(Unknown Source)
	at java.lang.Thread.run(Unknown Source)
2017-09-22 15:38:33 [ ERROR ] [ DubboMonitor$1.java :72(run)]  [DUBBO] Unexpected error occur at send statistic, cause: Forbid consumer 10.2.20.141 access service com.alibaba.dubbo.monitor.MonitorService from registry zkserver:2181 use dubbo version 2.5.3, Please check registry access list (whitelist/blacklist)., dubbo version: 2.5.3, current host: 10.2.20.141
com.alibaba.dubbo.rpc.RpcException: Forbid consumer 10.2.20.141 access service com.alibaba.dubbo.monitor.MonitorService from registry zkserver:2181 use dubbo version 2.5.3, Please check registry access list (whitelist/blacklist).
	at com.alibaba.dubbo.registry.integration.RegistryDirectory.doList(RegistryDirectory.java:579)
	at com.alibaba.dubbo.rpc.cluster.directory.AbstractDirectory.list(AbstractDirectory.java:73)
	at com.alibaba.dubbo.rpc.cluster.support.AbstractClusterInvoker.list(AbstractClusterInvoker.java:260)
	at com.alibaba.dubbo.rpc.cluster.support.AbstractClusterInvoker.invoke(AbstractClusterInvoker.java:219)
	at com.alibaba.dubbo.rpc.cluster.support.wrapper.MockClusterInvoker.invoke(MockClusterInvoker.java:72)
	at com.alibaba.dubbo.rpc.proxy.InvokerInvocationHandler.invoke(InvokerInvocationHandler.java:52)
	at com.alibaba.dubbo.common.bytecode.proxy0.collect(proxy0.java)
	at com.alibaba.dubbo.monitor.dubbo.DubboMonitor.send(DubboMonitor.java:113)
	at com.alibaba.dubbo.monitor.dubbo.DubboMonitor$1.run(DubboMonitor.java:70)
	at java.util.concurrent.Executors$RunnableAdapter.call(Unknown Source)
	at java.util.concurrent.FutureTask.runAndReset(Unknown Source)
	at java.util.concurrent.ScheduledThreadPoolExecutor$ScheduledFutureTask.access$301(Unknown Source)
	at java.util.concurrent.ScheduledThreadPoolExecutor$ScheduledFutureTask.run(Unknown Source)
	at java.util.concurrent.ThreadPoolExecutor.runWorker(Unknown Source)
	at java.util.concurrent.ThreadPoolExecutor$Worker.run(Unknown Source)
	at java.lang.Thread.run(Unknown Source)
2017-09-22 15:39:33 [ ERROR ] [ DubboMonitor$1.java :72(run)]  [DUBBO] Unexpected error occur at send statistic, cause: Forbid consumer 10.2.20.141 access service com.alibaba.dubbo.monitor.MonitorService from registry zkserver:2181 use dubbo version 2.5.3, Please check registry access list (whitelist/blacklist)., dubbo version: 2.5.3, current host: 10.2.20.141
com.alibaba.dubbo.rpc.RpcException: Forbid consumer 10.2.20.141 access service com.alibaba.dubbo.monitor.MonitorService from registry zkserver:2181 use dubbo version 2.5.3, Please check registry access list (whitelist/blacklist).
	at com.alibaba.dubbo.registry.integration.RegistryDirectory.doList(RegistryDirectory.java:579)
	at com.alibaba.dubbo.rpc.cluster.directory.AbstractDirectory.list(AbstractDirectory.java:73)
	at com.alibaba.dubbo.rpc.cluster.support.AbstractClusterInvoker.list(AbstractClusterInvoker.java:260)
	at com.alibaba.dubbo.rpc.cluster.support.AbstractClusterInvoker.invoke(AbstractClusterInvoker.java:219)
	at com.alibaba.dubbo.rpc.cluster.support.wrapper.MockClusterInvoker.invoke(MockClusterInvoker.java:72)
	at com.alibaba.dubbo.rpc.proxy.InvokerInvocationHandler.invoke(InvokerInvocationHandler.java:52)
	at com.alibaba.dubbo.common.bytecode.proxy0.collect(proxy0.java)
	at com.alibaba.dubbo.monitor.dubbo.DubboMonitor.send(DubboMonitor.java:113)
	at com.alibaba.dubbo.monitor.dubbo.DubboMonitor$1.run(DubboMonitor.java:70)
	at java.util.concurrent.Executors$RunnableAdapter.call(Unknown Source)
	at java.util.concurrent.FutureTask.runAndReset(Unknown Source)
	at java.util.concurrent.ScheduledThreadPoolExecutor$ScheduledFutureTask.access$301(Unknown Source)
	at java.util.concurrent.ScheduledThreadPoolExecutor$ScheduledFutureTask.run(Unknown Source)
	at java.util.concurrent.ThreadPoolExecutor.runWorker(Unknown Source)
	at java.util.concurrent.ThreadPoolExecutor$Worker.run(Unknown Source)
	at java.lang.Thread.run(Unknown Source)
2017-09-22 15:40:33 [ ERROR ] [ DubboMonitor$1.java :72(run)]  [DUBBO] Unexpected error occur at send statistic, cause: Forbid consumer 10.2.20.141 access service com.alibaba.dubbo.monitor.MonitorService from registry zkserver:2181 use dubbo version 2.5.3, Please check registry access list (whitelist/blacklist)., dubbo version: 2.5.3, current host: 10.2.20.141
com.alibaba.dubbo.rpc.RpcException: Forbid consumer 10.2.20.141 access service com.alibaba.dubbo.monitor.MonitorService from registry zkserver:2181 use dubbo version 2.5.3, Please check registry access list (whitelist/blacklist).
	at com.alibaba.dubbo.registry.integration.RegistryDirectory.doList(RegistryDirectory.java:579)
	at com.alibaba.dubbo.rpc.cluster.directory.AbstractDirectory.list(AbstractDirectory.java:73)
	at com.alibaba.dubbo.rpc.cluster.support.AbstractClusterInvoker.list(AbstractClusterInvoker.java:260)
	at com.alibaba.dubbo.rpc.cluster.support.AbstractClusterInvoker.invoke(AbstractClusterInvoker.java:219)
	at com.alibaba.dubbo.rpc.cluster.support.wrapper.MockClusterInvoker.invoke(MockClusterInvoker.java:72)
	at com.alibaba.dubbo.rpc.proxy.InvokerInvocationHandler.invoke(InvokerInvocationHandler.java:52)
	at com.alibaba.dubbo.common.bytecode.proxy0.collect(proxy0.java)
	at com.alibaba.dubbo.monitor.dubbo.DubboMonitor.send(DubboMonitor.java:113)
	at com.alibaba.dubbo.monitor.dubbo.DubboMonitor$1.run(DubboMonitor.java:70)
	at java.util.concurrent.Executors$RunnableAdapter.call(Unknown Source)
	at java.util.concurrent.FutureTask.runAndReset(Unknown Source)
	at java.util.concurrent.ScheduledThreadPoolExecutor$ScheduledFutureTask.access$301(Unknown Source)
	at java.util.concurrent.ScheduledThreadPoolExecutor$ScheduledFutureTask.run(Unknown Source)
	at java.util.concurrent.ThreadPoolExecutor.runWorker(Unknown Source)
	at java.util.concurrent.ThreadPoolExecutor$Worker.run(Unknown Source)
	at java.lang.Thread.run(Unknown Source)
2017-09-22 15:41:33 [ ERROR ] [ DubboMonitor$1.java :72(run)]  [DUBBO] Unexpected error occur at send statistic, cause: Forbid consumer 10.2.20.141 access service com.alibaba.dubbo.monitor.MonitorService from registry zkserver:2181 use dubbo version 2.5.3, Please check registry access list (whitelist/blacklist)., dubbo version: 2.5.3, current host: 10.2.20.141
com.alibaba.dubbo.rpc.RpcException: Forbid consumer 10.2.20.141 access service com.alibaba.dubbo.monitor.MonitorService from registry zkserver:2181 use dubbo version 2.5.3, Please check registry access list (whitelist/blacklist).
	at com.alibaba.dubbo.registry.integration.RegistryDirectory.doList(RegistryDirectory.java:579)
	at com.alibaba.dubbo.rpc.cluster.directory.AbstractDirectory.list(AbstractDirectory.java:73)
	at com.alibaba.dubbo.rpc.cluster.support.AbstractClusterInvoker.list(AbstractClusterInvoker.java:260)
	at com.alibaba.dubbo.rpc.cluster.support.AbstractClusterInvoker.invoke(AbstractClusterInvoker.java:219)
	at com.alibaba.dubbo.rpc.cluster.support.wrapper.MockClusterInvoker.invoke(MockClusterInvoker.java:72)
	at com.alibaba.dubbo.rpc.proxy.InvokerInvocationHandler.invoke(InvokerInvocationHandler.java:52)
	at com.alibaba.dubbo.common.bytecode.proxy0.collect(proxy0.java)
	at com.alibaba.dubbo.monitor.dubbo.DubboMonitor.send(DubboMonitor.java:113)
	at com.alibaba.dubbo.monitor.dubbo.DubboMonitor$1.run(DubboMonitor.java:70)
	at java.util.concurrent.Executors$RunnableAdapter.call(Unknown Source)
	at java.util.concurrent.FutureTask.runAndReset(Unknown Source)
	at java.util.concurrent.ScheduledThreadPoolExecutor$ScheduledFutureTask.access$301(Unknown Source)
	at java.util.concurrent.ScheduledThreadPoolExecutor$ScheduledFutureTask.run(Unknown Source)
	at java.util.concurrent.ThreadPoolExecutor.runWorker(Unknown Source)
	at java.util.concurrent.ThreadPoolExecutor$Worker.run(Unknown Source)
	at java.lang.Thread.run(Unknown Source)
2017-09-22 15:42:33 [ ERROR ] [ DubboMonitor$1.java :72(run)]  [DUBBO] Unexpected error occur at send statistic, cause: Forbid consumer 10.2.20.141 access service com.alibaba.dubbo.monitor.MonitorService from registry zkserver:2181 use dubbo version 2.5.3, Please check registry access list (whitelist/blacklist)., dubbo version: 2.5.3, current host: 10.2.20.141
com.alibaba.dubbo.rpc.RpcException: Forbid consumer 10.2.20.141 access service com.alibaba.dubbo.monitor.MonitorService from registry zkserver:2181 use dubbo version 2.5.3, Please check registry access list (whitelist/blacklist).
	at com.alibaba.dubbo.registry.integration.RegistryDirectory.doList(RegistryDirectory.java:579)
	at com.alibaba.dubbo.rpc.cluster.directory.AbstractDirectory.list(AbstractDirectory.java:73)
	at com.alibaba.dubbo.rpc.cluster.support.AbstractClusterInvoker.list(AbstractClusterInvoker.java:260)
	at com.alibaba.dubbo.rpc.cluster.support.AbstractClusterInvoker.invoke(AbstractClusterInvoker.java:219)
	at com.alibaba.dubbo.rpc.cluster.support.wrapper.MockClusterInvoker.invoke(MockClusterInvoker.java:72)
	at com.alibaba.dubbo.rpc.proxy.InvokerInvocationHandler.invoke(InvokerInvocationHandler.java:52)
	at com.alibaba.dubbo.common.bytecode.proxy0.collect(proxy0.java)
	at com.alibaba.dubbo.monitor.dubbo.DubboMonitor.send(DubboMonitor.java:113)
	at com.alibaba.dubbo.monitor.dubbo.DubboMonitor$1.run(DubboMonitor.java:70)
	at java.util.concurrent.Executors$RunnableAdapter.call(Unknown Source)
	at java.util.concurrent.FutureTask.runAndReset(Unknown Source)
	at java.util.concurrent.ScheduledThreadPoolExecutor$ScheduledFutureTask.access$301(Unknown Source)
	at java.util.concurrent.ScheduledThreadPoolExecutor$ScheduledFutureTask.run(Unknown Source)
	at java.util.concurrent.ThreadPoolExecutor.runWorker(Unknown Source)
	at java.util.concurrent.ThreadPoolExecutor$Worker.run(Unknown Source)
	at java.lang.Thread.run(Unknown Source)
2017-09-22 15:43:33 [ ERROR ] [ DubboMonitor$1.java :72(run)]  [DUBBO] Unexpected error occur at send statistic, cause: Forbid consumer 10.2.20.141 access service com.alibaba.dubbo.monitor.MonitorService from registry zkserver:2181 use dubbo version 2.5.3, Please check registry access list (whitelist/blacklist)., dubbo version: 2.5.3, current host: 10.2.20.141
com.alibaba.dubbo.rpc.RpcException: Forbid consumer 10.2.20.141 access service com.alibaba.dubbo.monitor.MonitorService from registry zkserver:2181 use dubbo version 2.5.3, Please check registry access list (whitelist/blacklist).
	at com.alibaba.dubbo.registry.integration.RegistryDirectory.doList(RegistryDirectory.java:579)
	at com.alibaba.dubbo.rpc.cluster.directory.AbstractDirectory.list(AbstractDirectory.java:73)
	at com.alibaba.dubbo.rpc.cluster.support.AbstractClusterInvoker.list(AbstractClusterInvoker.java:260)
	at com.alibaba.dubbo.rpc.cluster.support.AbstractClusterInvoker.invoke(AbstractClusterInvoker.java:219)
	at com.alibaba.dubbo.rpc.cluster.support.wrapper.MockClusterInvoker.invoke(MockClusterInvoker.java:72)
	at com.alibaba.dubbo.rpc.proxy.InvokerInvocationHandler.invoke(InvokerInvocationHandler.java:52)
	at com.alibaba.dubbo.common.bytecode.proxy0.collect(proxy0.java)
	at com.alibaba.dubbo.monitor.dubbo.DubboMonitor.send(DubboMonitor.java:113)
	at com.alibaba.dubbo.monitor.dubbo.DubboMonitor$1.run(DubboMonitor.java:70)
	at java.util.concurrent.Executors$RunnableAdapter.call(Unknown Source)
	at java.util.concurrent.FutureTask.runAndReset(Unknown Source)
	at java.util.concurrent.ScheduledThreadPoolExecutor$ScheduledFutureTask.access$301(Unknown Source)
	at java.util.concurrent.ScheduledThreadPoolExecutor$ScheduledFutureTask.run(Unknown Source)
	at java.util.concurrent.ThreadPoolExecutor.runWorker(Unknown Source)
	at java.util.concurrent.ThreadPoolExecutor$Worker.run(Unknown Source)
	at java.lang.Thread.run(Unknown Source)
2017-09-22 15:44:33 [ ERROR ] [ DubboMonitor$1.java :72(run)]  [DUBBO] Unexpected error occur at send statistic, cause: Forbid consumer 10.2.20.141 access service com.alibaba.dubbo.monitor.MonitorService from registry zkserver:2181 use dubbo version 2.5.3, Please check registry access list (whitelist/blacklist)., dubbo version: 2.5.3, current host: 10.2.20.141
com.alibaba.dubbo.rpc.RpcException: Forbid consumer 10.2.20.141 access service com.alibaba.dubbo.monitor.MonitorService from registry zkserver:2181 use dubbo version 2.5.3, Please check registry access list (whitelist/blacklist).
	at com.alibaba.dubbo.registry.integration.RegistryDirectory.doList(RegistryDirectory.java:579)
	at com.alibaba.dubbo.rpc.cluster.directory.AbstractDirectory.list(AbstractDirectory.java:73)
	at com.alibaba.dubbo.rpc.cluster.support.AbstractClusterInvoker.list(AbstractClusterInvoker.java:260)
	at com.alibaba.dubbo.rpc.cluster.support.AbstractClusterInvoker.invoke(AbstractClusterInvoker.java:219)
	at com.alibaba.dubbo.rpc.cluster.support.wrapper.MockClusterInvoker.invoke(MockClusterInvoker.java:72)
	at com.alibaba.dubbo.rpc.proxy.InvokerInvocationHandler.invoke(InvokerInvocationHandler.java:52)
	at com.alibaba.dubbo.common.bytecode.proxy0.collect(proxy0.java)
	at com.alibaba.dubbo.monitor.dubbo.DubboMonitor.send(DubboMonitor.java:113)
	at com.alibaba.dubbo.monitor.dubbo.DubboMonitor$1.run(DubboMonitor.java:70)
	at java.util.concurrent.Executors$RunnableAdapter.call(Unknown Source)
	at java.util.concurrent.FutureTask.runAndReset(Unknown Source)
	at java.util.concurrent.ScheduledThreadPoolExecutor$ScheduledFutureTask.access$301(Unknown Source)
	at java.util.concurrent.ScheduledThreadPoolExecutor$ScheduledFutureTask.run(Unknown Source)
	at java.util.concurrent.ThreadPoolExecutor.runWorker(Unknown Source)
	at java.util.concurrent.ThreadPoolExecutor$Worker.run(Unknown Source)
	at java.lang.Thread.run(Unknown Source)
2017-09-22 15:45:33 [ ERROR ] [ DubboMonitor$1.java :72(run)]  [DUBBO] Unexpected error occur at send statistic, cause: Forbid consumer 10.2.20.141 access service com.alibaba.dubbo.monitor.MonitorService from registry zkserver:2181 use dubbo version 2.5.3, Please check registry access list (whitelist/blacklist)., dubbo version: 2.5.3, current host: 10.2.20.141
com.alibaba.dubbo.rpc.RpcException: Forbid consumer 10.2.20.141 access service com.alibaba.dubbo.monitor.MonitorService from registry zkserver:2181 use dubbo version 2.5.3, Please check registry access list (whitelist/blacklist).
	at com.alibaba.dubbo.registry.integration.RegistryDirectory.doList(RegistryDirectory.java:579)
	at com.alibaba.dubbo.rpc.cluster.directory.AbstractDirectory.list(AbstractDirectory.java:73)
	at com.alibaba.dubbo.rpc.cluster.support.AbstractClusterInvoker.list(AbstractClusterInvoker.java:260)
	at com.alibaba.dubbo.rpc.cluster.support.AbstractClusterInvoker.invoke(AbstractClusterInvoker.java:219)
	at com.alibaba.dubbo.rpc.cluster.support.wrapper.MockClusterInvoker.invoke(MockClusterInvoker.java:72)
	at com.alibaba.dubbo.rpc.proxy.InvokerInvocationHandler.invoke(InvokerInvocationHandler.java:52)
	at com.alibaba.dubbo.common.bytecode.proxy0.collect(proxy0.java)
	at com.alibaba.dubbo.monitor.dubbo.DubboMonitor.send(DubboMonitor.java:113)
	at com.alibaba.dubbo.monitor.dubbo.DubboMonitor$1.run(DubboMonitor.java:70)
	at java.util.concurrent.Executors$RunnableAdapter.call(Unknown Source)
	at java.util.concurrent.FutureTask.runAndReset(Unknown Source)
	at java.util.concurrent.ScheduledThreadPoolExecutor$ScheduledFutureTask.access$301(Unknown Source)
	at java.util.concurrent.ScheduledThreadPoolExecutor$ScheduledFutureTask.run(Unknown Source)
	at java.util.concurrent.ThreadPoolExecutor.runWorker(Unknown Source)
	at java.util.concurrent.ThreadPoolExecutor$Worker.run(Unknown Source)
	at java.lang.Thread.run(Unknown Source)
2017-09-22 15:46:33 [ ERROR ] [ DubboMonitor$1.java :72(run)]  [DUBBO] Unexpected error occur at send statistic, cause: Forbid consumer 10.2.20.141 access service com.alibaba.dubbo.monitor.MonitorService from registry zkserver:2181 use dubbo version 2.5.3, Please check registry access list (whitelist/blacklist)., dubbo version: 2.5.3, current host: 10.2.20.141
com.alibaba.dubbo.rpc.RpcException: Forbid consumer 10.2.20.141 access service com.alibaba.dubbo.monitor.MonitorService from registry zkserver:2181 use dubbo version 2.5.3, Please check registry access list (whitelist/blacklist).
	at com.alibaba.dubbo.registry.integration.RegistryDirectory.doList(RegistryDirectory.java:579)
	at com.alibaba.dubbo.rpc.cluster.directory.AbstractDirectory.list(AbstractDirectory.java:73)
	at com.alibaba.dubbo.rpc.cluster.support.AbstractClusterInvoker.list(AbstractClusterInvoker.java:260)
	at com.alibaba.dubbo.rpc.cluster.support.AbstractClusterInvoker.invoke(AbstractClusterInvoker.java:219)
	at com.alibaba.dubbo.rpc.cluster.support.wrapper.MockClusterInvoker.invoke(MockClusterInvoker.java:72)
	at com.alibaba.dubbo.rpc.proxy.InvokerInvocationHandler.invoke(InvokerInvocationHandler.java:52)
	at com.alibaba.dubbo.common.bytecode.proxy0.collect(proxy0.java)
	at com.alibaba.dubbo.monitor.dubbo.DubboMonitor.send(DubboMonitor.java:113)
	at com.alibaba.dubbo.monitor.dubbo.DubboMonitor$1.run(DubboMonitor.java:70)
	at java.util.concurrent.Executors$RunnableAdapter.call(Unknown Source)
	at java.util.concurrent.FutureTask.runAndReset(Unknown Source)
	at java.util.concurrent.ScheduledThreadPoolExecutor$ScheduledFutureTask.access$301(Unknown Source)
	at java.util.concurrent.ScheduledThreadPoolExecutor$ScheduledFutureTask.run(Unknown Source)
	at java.util.concurrent.ThreadPoolExecutor.runWorker(Unknown Source)
	at java.util.concurrent.ThreadPoolExecutor$Worker.run(Unknown Source)
	at java.lang.Thread.run(Unknown Source)
2017-09-22 15:47:33 [ ERROR ] [ DubboMonitor$1.java :72(run)]  [DUBBO] Unexpected error occur at send statistic, cause: Forbid consumer 10.2.20.141 access service com.alibaba.dubbo.monitor.MonitorService from registry zkserver:2181 use dubbo version 2.5.3, Please check registry access list (whitelist/blacklist)., dubbo version: 2.5.3, current host: 10.2.20.141
com.alibaba.dubbo.rpc.RpcException: Forbid consumer 10.2.20.141 access service com.alibaba.dubbo.monitor.MonitorService from registry zkserver:2181 use dubbo version 2.5.3, Please check registry access list (whitelist/blacklist).
	at com.alibaba.dubbo.registry.integration.RegistryDirectory.doList(RegistryDirectory.java:579)
	at com.alibaba.dubbo.rpc.cluster.directory.AbstractDirectory.list(AbstractDirectory.java:73)
	at com.alibaba.dubbo.rpc.cluster.support.AbstractClusterInvoker.list(AbstractClusterInvoker.java:260)
	at com.alibaba.dubbo.rpc.cluster.support.AbstractClusterInvoker.invoke(AbstractClusterInvoker.java:219)
	at com.alibaba.dubbo.rpc.cluster.support.wrapper.MockClusterInvoker.invoke(MockClusterInvoker.java:72)
	at com.alibaba.dubbo.rpc.proxy.InvokerInvocationHandler.invoke(InvokerInvocationHandler.java:52)
	at com.alibaba.dubbo.common.bytecode.proxy0.collect(proxy0.java)
	at com.alibaba.dubbo.monitor.dubbo.DubboMonitor.send(DubboMonitor.java:113)
	at com.alibaba.dubbo.monitor.dubbo.DubboMonitor$1.run(DubboMonitor.java:70)
	at java.util.concurrent.Executors$RunnableAdapter.call(Unknown Source)
	at java.util.concurrent.FutureTask.runAndReset(Unknown Source)
	at java.util.concurrent.ScheduledThreadPoolExecutor$ScheduledFutureTask.access$301(Unknown Source)
	at java.util.concurrent.ScheduledThreadPoolExecutor$ScheduledFutureTask.run(Unknown Source)
	at java.util.concurrent.ThreadPoolExecutor.runWorker(Unknown Source)
	at java.util.concurrent.ThreadPoolExecutor$Worker.run(Unknown Source)
	at java.lang.Thread.run(Unknown Source)
2017-09-22 15:48:33 [ ERROR ] [ DubboMonitor$1.java :72(run)]  [DUBBO] Unexpected error occur at send statistic, cause: Forbid consumer 10.2.20.141 access service com.alibaba.dubbo.monitor.MonitorService from registry zkserver:2181 use dubbo version 2.5.3, Please check registry access list (whitelist/blacklist)., dubbo version: 2.5.3, current host: 10.2.20.141
com.alibaba.dubbo.rpc.RpcException: Forbid consumer 10.2.20.141 access service com.alibaba.dubbo.monitor.MonitorService from registry zkserver:2181 use dubbo version 2.5.3, Please check registry access list (whitelist/blacklist).
	at com.alibaba.dubbo.registry.integration.RegistryDirectory.doList(RegistryDirectory.java:579)
	at com.alibaba.dubbo.rpc.cluster.directory.AbstractDirectory.list(AbstractDirectory.java:73)
	at com.alibaba.dubbo.rpc.cluster.support.AbstractClusterInvoker.list(AbstractClusterInvoker.java:260)
	at com.alibaba.dubbo.rpc.cluster.support.AbstractClusterInvoker.invoke(AbstractClusterInvoker.java:219)
	at com.alibaba.dubbo.rpc.cluster.support.wrapper.MockClusterInvoker.invoke(MockClusterInvoker.java:72)
	at com.alibaba.dubbo.rpc.proxy.InvokerInvocationHandler.invoke(InvokerInvocationHandler.java:52)
	at com.alibaba.dubbo.common.bytecode.proxy0.collect(proxy0.java)
	at com.alibaba.dubbo.monitor.dubbo.DubboMonitor.send(DubboMonitor.java:113)
	at com.alibaba.dubbo.monitor.dubbo.DubboMonitor$1.run(DubboMonitor.java:70)
	at java.util.concurrent.Executors$RunnableAdapter.call(Unknown Source)
	at java.util.concurrent.FutureTask.runAndReset(Unknown Source)
	at java.util.concurrent.ScheduledThreadPoolExecutor$ScheduledFutureTask.access$301(Unknown Source)
	at java.util.concurrent.ScheduledThreadPoolExecutor$ScheduledFutureTask.run(Unknown Source)
	at java.util.concurrent.ThreadPoolExecutor.runWorker(Unknown Source)
	at java.util.concurrent.ThreadPoolExecutor$Worker.run(Unknown Source)
	at java.lang.Thread.run(Unknown Source)
2017-09-22 15:49:33 [ ERROR ] [ DubboMonitor$1.java :72(run)]  [DUBBO] Unexpected error occur at send statistic, cause: Forbid consumer 10.2.20.141 access service com.alibaba.dubbo.monitor.MonitorService from registry zkserver:2181 use dubbo version 2.5.3, Please check registry access list (whitelist/blacklist)., dubbo version: 2.5.3, current host: 10.2.20.141
com.alibaba.dubbo.rpc.RpcException: Forbid consumer 10.2.20.141 access service com.alibaba.dubbo.monitor.MonitorService from registry zkserver:2181 use dubbo version 2.5.3, Please check registry access list (whitelist/blacklist).
	at com.alibaba.dubbo.registry.integration.RegistryDirectory.doList(RegistryDirectory.java:579)
	at com.alibaba.dubbo.rpc.cluster.directory.AbstractDirectory.list(AbstractDirectory.java:73)
	at com.alibaba.dubbo.rpc.cluster.support.AbstractClusterInvoker.list(AbstractClusterInvoker.java:260)
	at com.alibaba.dubbo.rpc.cluster.support.AbstractClusterInvoker.invoke(AbstractClusterInvoker.java:219)
	at com.alibaba.dubbo.rpc.cluster.support.wrapper.MockClusterInvoker.invoke(MockClusterInvoker.java:72)
	at com.alibaba.dubbo.rpc.proxy.InvokerInvocationHandler.invoke(InvokerInvocationHandler.java:52)
	at com.alibaba.dubbo.common.bytecode.proxy0.collect(proxy0.java)
	at com.alibaba.dubbo.monitor.dubbo.DubboMonitor.send(DubboMonitor.java:113)
	at com.alibaba.dubbo.monitor.dubbo.DubboMonitor$1.run(DubboMonitor.java:70)
	at java.util.concurrent.Executors$RunnableAdapter.call(Unknown Source)
	at java.util.concurrent.FutureTask.runAndReset(Unknown Source)
	at java.util.concurrent.ScheduledThreadPoolExecutor$ScheduledFutureTask.access$301(Unknown Source)
	at java.util.concurrent.ScheduledThreadPoolExecutor$ScheduledFutureTask.run(Unknown Source)
	at java.util.concurrent.ThreadPoolExecutor.runWorker(Unknown Source)
	at java.util.concurrent.ThreadPoolExecutor$Worker.run(Unknown Source)
	at java.lang.Thread.run(Unknown Source)
2017-09-22 15:50:33 [ ERROR ] [ DubboMonitor$1.java :72(run)]  [DUBBO] Unexpected error occur at send statistic, cause: Forbid consumer 10.2.20.141 access service com.alibaba.dubbo.monitor.MonitorService from registry zkserver:2181 use dubbo version 2.5.3, Please check registry access list (whitelist/blacklist)., dubbo version: 2.5.3, current host: 10.2.20.141
com.alibaba.dubbo.rpc.RpcException: Forbid consumer 10.2.20.141 access service com.alibaba.dubbo.monitor.MonitorService from registry zkserver:2181 use dubbo version 2.5.3, Please check registry access list (whitelist/blacklist).
	at com.alibaba.dubbo.registry.integration.RegistryDirectory.doList(RegistryDirectory.java:579)
	at com.alibaba.dubbo.rpc.cluster.directory.AbstractDirectory.list(AbstractDirectory.java:73)
	at com.alibaba.dubbo.rpc.cluster.support.AbstractClusterInvoker.list(AbstractClusterInvoker.java:260)
	at com.alibaba.dubbo.rpc.cluster.support.AbstractClusterInvoker.invoke(AbstractClusterInvoker.java:219)
	at com.alibaba.dubbo.rpc.cluster.support.wrapper.MockClusterInvoker.invoke(MockClusterInvoker.java:72)
	at com.alibaba.dubbo.rpc.proxy.InvokerInvocationHandler.invoke(InvokerInvocationHandler.java:52)
	at com.alibaba.dubbo.common.bytecode.proxy0.collect(proxy0.java)
	at com.alibaba.dubbo.monitor.dubbo.DubboMonitor.send(DubboMonitor.java:113)
	at com.alibaba.dubbo.monitor.dubbo.DubboMonitor$1.run(DubboMonitor.java:70)
	at java.util.concurrent.Executors$RunnableAdapter.call(Unknown Source)
	at java.util.concurrent.FutureTask.runAndReset(Unknown Source)
	at java.util.concurrent.ScheduledThreadPoolExecutor$ScheduledFutureTask.access$301(Unknown Source)
	at java.util.concurrent.ScheduledThreadPoolExecutor$ScheduledFutureTask.run(Unknown Source)
	at java.util.concurrent.ThreadPoolExecutor.runWorker(Unknown Source)
	at java.util.concurrent.ThreadPoolExecutor$Worker.run(Unknown Source)
	at java.lang.Thread.run(Unknown Source)
2017-09-22 15:51:34 [ ERROR ] [ DubboMonitor$1.java :72(run)]  [DUBBO] Unexpected error occur at send statistic, cause: Forbid consumer 10.2.20.141 access service com.alibaba.dubbo.monitor.MonitorService from registry zkserver:2181 use dubbo version 2.5.3, Please check registry access list (whitelist/blacklist)., dubbo version: 2.5.3, current host: 10.2.20.141
com.alibaba.dubbo.rpc.RpcException: Forbid consumer 10.2.20.141 access service com.alibaba.dubbo.monitor.MonitorService from registry zkserver:2181 use dubbo version 2.5.3, Please check registry access list (whitelist/blacklist).
	at com.alibaba.dubbo.registry.integration.RegistryDirectory.doList(RegistryDirectory.java:579)
	at com.alibaba.dubbo.rpc.cluster.directory.AbstractDirectory.list(AbstractDirectory.java:73)
	at com.alibaba.dubbo.rpc.cluster.support.AbstractClusterInvoker.list(AbstractClusterInvoker.java:260)
	at com.alibaba.dubbo.rpc.cluster.support.AbstractClusterInvoker.invoke(AbstractClusterInvoker.java:219)
	at com.alibaba.dubbo.rpc.cluster.support.wrapper.MockClusterInvoker.invoke(MockClusterInvoker.java:72)
	at com.alibaba.dubbo.rpc.proxy.InvokerInvocationHandler.invoke(InvokerInvocationHandler.java:52)
	at com.alibaba.dubbo.common.bytecode.proxy0.collect(proxy0.java)
	at com.alibaba.dubbo.monitor.dubbo.DubboMonitor.send(DubboMonitor.java:113)
	at com.alibaba.dubbo.monitor.dubbo.DubboMonitor$1.run(DubboMonitor.java:70)
	at java.util.concurrent.Executors$RunnableAdapter.call(Unknown Source)
	at java.util.concurrent.FutureTask.runAndReset(Unknown Source)
	at java.util.concurrent.ScheduledThreadPoolExecutor$ScheduledFutureTask.access$301(Unknown Source)
	at java.util.concurrent.ScheduledThreadPoolExecutor$ScheduledFutureTask.run(Unknown Source)
	at java.util.concurrent.ThreadPoolExecutor.runWorker(Unknown Source)
	at java.util.concurrent.ThreadPoolExecutor$Worker.run(Unknown Source)
	at java.lang.Thread.run(Unknown Source)
2017-09-22 15:52:34 [ ERROR ] [ DubboMonitor$1.java :72(run)]  [DUBBO] Unexpected error occur at send statistic, cause: Forbid consumer 10.2.20.141 access service com.alibaba.dubbo.monitor.MonitorService from registry zkserver:2181 use dubbo version 2.5.3, Please check registry access list (whitelist/blacklist)., dubbo version: 2.5.3, current host: 10.2.20.141
com.alibaba.dubbo.rpc.RpcException: Forbid consumer 10.2.20.141 access service com.alibaba.dubbo.monitor.MonitorService from registry zkserver:2181 use dubbo version 2.5.3, Please check registry access list (whitelist/blacklist).
	at com.alibaba.dubbo.registry.integration.RegistryDirectory.doList(RegistryDirectory.java:579)
	at com.alibaba.dubbo.rpc.cluster.directory.AbstractDirectory.list(AbstractDirectory.java:73)
	at com.alibaba.dubbo.rpc.cluster.support.AbstractClusterInvoker.list(AbstractClusterInvoker.java:260)
	at com.alibaba.dubbo.rpc.cluster.support.AbstractClusterInvoker.invoke(AbstractClusterInvoker.java:219)
	at com.alibaba.dubbo.rpc.cluster.support.wrapper.MockClusterInvoker.invoke(MockClusterInvoker.java:72)
	at com.alibaba.dubbo.rpc.proxy.InvokerInvocationHandler.invoke(InvokerInvocationHandler.java:52)
	at com.alibaba.dubbo.common.bytecode.proxy0.collect(proxy0.java)
	at com.alibaba.dubbo.monitor.dubbo.DubboMonitor.send(DubboMonitor.java:113)
	at com.alibaba.dubbo.monitor.dubbo.DubboMonitor$1.run(DubboMonitor.java:70)
	at java.util.concurrent.Executors$RunnableAdapter.call(Unknown Source)
	at java.util.concurrent.FutureTask.runAndReset(Unknown Source)
	at java.util.concurrent.ScheduledThreadPoolExecutor$ScheduledFutureTask.access$301(Unknown Source)
	at java.util.concurrent.ScheduledThreadPoolExecutor$ScheduledFutureTask.run(Unknown Source)
	at java.util.concurrent.ThreadPoolExecutor.runWorker(Unknown Source)
	at java.util.concurrent.ThreadPoolExecutor$Worker.run(Unknown Source)
	at java.lang.Thread.run(Unknown Source)
